2016/06/25 07:16:08 [error] [exception.CHttpException.404] exception 'CHttpException' with message 'Unable to resolve the request "images/ajax-loader.gif".' in C:\xampp\htdocs\DODMedia\frameworks\yii\1.1.16\web\CWebApplication.php:286
Stack trace:
#0 C:\xampp\htdocs\DODMedia\frameworks\yii\1.1.16\web\CWebApplication.php(141): CWebApplication->runController('images/ajax-loa...')
#1 C:\xampp\htdocs\DODMedia\frameworks\yii\1.1.16\base\CApplication.php(184): CWebApplication->processRequest()
#2 C:\xampp\htdocs\DODMedia\projects\Coeri\project\index.php(13): CApplication->run()
#3 {main}
REQUEST_URI=/DODMedia/projects/Coeri/project/images/ajax-loader.gif
HTTP_REFERER=http://localhost/DODMedia/projects/Coeri/project/css/main.css
---
2016/06/25 07:16:08 [error] [exception.CHttpException.404] exception 'CHttpException' with message 'Unable to resolve the request "images/favicon.png".' in C:\xampp\htdocs\DODMedia\frameworks\yii\1.1.16\web\CWebApplication.php:286
Stack trace:
#0 C:\xampp\htdocs\DODMedia\frameworks\yii\1.1.16\web\CWebApplication.php(141): CWebApplication->runController('images/favicon....')
#1 C:\xampp\htdocs\DODMedia\frameworks\yii\1.1.16\base\CApplication.php(184): CWebApplication->processRequest()
#2 C:\xampp\htdocs\DODMedia\projects\Coeri\project\index.php(13): CApplication->run()
#3 {main}
REQUEST_URI=/DODMedia/projects/Coeri/project/images/favicon.png
HTTP_REFERER=http://localhost/DODMedia/projects/Coeri/project/
---
2016/06/25 07:16:16 [error] [exception.CHttpException.404] exception 'CHttpException' with message 'Unable to resolve the request "images/favicon.png".' in C:\xampp\htdocs\DODMedia\frameworks\yii\1.1.16\web\CWebApplication.php:286
Stack trace:
#0 C:\xampp\htdocs\DODMedia\frameworks\yii\1.1.16\web\CWebApplication.php(141): CWebApplication->runController('images/favicon....')
#1 C:\xampp\htdocs\DODMedia\frameworks\yii\1.1.16\base\CApplication.php(184): CWebApplication->processRequest()
#2 C:\xampp\htdocs\DODMedia\projects\Coeri\project\index.php(13): CApplication->run()
#3 {main}
REQUEST_URI=/DODMedia/projects/Coeri/project/images/favicon.png
HTTP_REFERER=http://localhost/DODMedia/projects/Coeri/project/?
---
2016/06/25 07:16:17 [error] [exception.CHttpException.404] exception 'CHttpException' with message 'Unable to resolve the request "images/ajax-loader.gif".' in C:\xampp\htdocs\DODMedia\frameworks\yii\1.1.16\web\CWebApplication.php:286
Stack trace:
#0 C:\xampp\htdocs\DODMedia\frameworks\yii\1.1.16\web\CWebApplication.php(141): CWebApplication->runController('images/ajax-loa...')
#1 C:\xampp\htdocs\DODMedia\frameworks\yii\1.1.16\base\CApplication.php(184): CWebApplication->processRequest()
#2 C:\xampp\htdocs\DODMedia\projects\Coeri\project\index.php(13): CApplication->run()
#3 {main}
REQUEST_URI=/DODMedia/projects/Coeri/project/images/ajax-loader.gif
HTTP_REFERER=http://localhost/DODMedia/projects/Coeri/project/css/main.css
---
2016/06/25 07:16:45 [error] [exception.CHttpException.404] exception 'CHttpException' with message 'Unable to resolve the request "images/favicon.png".' in C:\xampp\htdocs\DODMedia\frameworks\yii\1.1.16\web\CWebApplication.php:286
Stack trace:
#0 C:\xampp\htdocs\DODMedia\frameworks\yii\1.1.16\web\CWebApplication.php(141): CWebApplication->runController('images/favicon....')
#1 C:\xampp\htdocs\DODMedia\frameworks\yii\1.1.16\base\CApplication.php(184): CWebApplication->processRequest()
#2 C:\xampp\htdocs\DODMedia\projects\Coeri\project\index.php(13): CApplication->run()
#3 {main}
REQUEST_URI=/DODMedia/projects/Coeri/project/images/favicon.png
HTTP_REFERER=http://localhost/DODMedia/projects/Coeri/project/?
---
2016/06/25 07:16:45 [error] [exception.CHttpException.404] exception 'CHttpException' with message 'Unable to resolve the request "images/ajax-loader.gif".' in C:\xampp\htdocs\DODMedia\frameworks\yii\1.1.16\web\CWebApplication.php:286
Stack trace:
#0 C:\xampp\htdocs\DODMedia\frameworks\yii\1.1.16\web\CWebApplication.php(141): CWebApplication->runController('images/ajax-loa...')
#1 C:\xampp\htdocs\DODMedia\frameworks\yii\1.1.16\base\CApplication.php(184): CWebApplication->processRequest()
#2 C:\xampp\htdocs\DODMedia\projects\Coeri\project\index.php(13): CApplication->run()
#3 {main}
REQUEST_URI=/DODMedia/projects/Coeri/project/images/ajax-loader.gif
HTTP_REFERER=http://localhost/DODMedia/projects/Coeri/project/css/main.css
---
2016/06/25 07:17:18 [error] [exception.CHttpException.404] exception 'CHttpException' with message 'Unable to resolve the request "images/favicon.png".' in C:\xampp\htdocs\DODMedia\frameworks\yii\1.1.16\web\CWebApplication.php:286
Stack trace:
#0 C:\xampp\htdocs\DODMedia\frameworks\yii\1.1.16\web\CWebApplication.php(141): CWebApplication->runController('images/favicon....')
#1 C:\xampp\htdocs\DODMedia\frameworks\yii\1.1.16\base\CApplication.php(184): CWebApplication->processRequest()
#2 C:\xampp\htdocs\DODMedia\projects\Coeri\project\index.php(13): CApplication->run()
#3 {main}
REQUEST_URI=/DODMedia/projects/Coeri/project/images/favicon.png
HTTP_REFERER=http://localhost/DODMedia/projects/Coeri/project/?
---
2016/06/25 07:17:18 [error] [exception.CHttpException.404] exception 'CHttpException' with message 'Unable to resolve the request "images/ajax-loader.gif".' in C:\xampp\htdocs\DODMedia\frameworks\yii\1.1.16\web\CWebApplication.php:286
Stack trace:
#0 C:\xampp\htdocs\DODMedia\frameworks\yii\1.1.16\web\CWebApplication.php(141): CWebApplication->runController('images/ajax-loa...')
#1 C:\xampp\htdocs\DODMedia\frameworks\yii\1.1.16\base\CApplication.php(184): CWebApplication->processRequest()
#2 C:\xampp\htdocs\DODMedia\projects\Coeri\project\index.php(13): CApplication->run()
#3 {main}
REQUEST_URI=/DODMedia/projects/Coeri/project/images/ajax-loader.gif
HTTP_REFERER=http://localhost/DODMedia/projects/Coeri/project/css/main.css
---
2016/06/25 07:17:53 [error] [exception.CHttpException.404] exception 'CHttpException' with message 'Unable to resolve the request "images/ajax-loader.gif".' in C:\xampp\htdocs\DODMedia\frameworks\yii\1.1.16\web\CWebApplication.php:286
Stack trace:
#0 C:\xampp\htdocs\DODMedia\frameworks\yii\1.1.16\web\CWebApplication.php(141): CWebApplication->runController('images/ajax-loa...')
#1 C:\xampp\htdocs\DODMedia\frameworks\yii\1.1.16\base\CApplication.php(184): CWebApplication->processRequest()
#2 C:\xampp\htdocs\DODMedia\projects\Coeri\project\index.php(13): CApplication->run()
#3 {main}
REQUEST_URI=/DODMedia/projects/Coeri/project/images/ajax-loader.gif
HTTP_REFERER=http://localhost/DODMedia/projects/Coeri/project/css/main.css
---
2016/06/25 07:40:22 [error] [exception.CException] exception 'CException' with message 'DefaultController cannot find the requested view "login".' in C:\xampp\htdocs\DODMedia\frameworks\yii\1.1.16\web\CController.php:878
Stack trace:
#0 C:\xampp\htdocs\DODMedia\frameworks\yii\1.1.16\web\CController.php(782): CController->renderPartial('login', Array, true)
#1 C:\xampp\htdocs\DODMedia\projects\Coeri\project\protected\modules\coeri__admin\controllers\DefaultController.php(71): CController->render('login', Array)
#2 C:\xampp\htdocs\DODMedia\frameworks\yii\1.1.16\web\actions\CInlineAction.php(49): DefaultController->actionLogin()
#3 C:\xampp\htdocs\DODMedia\frameworks\yii\1.1.16\web\CController.php(308): CInlineAction->runWithParams(Array)
#4 C:\xampp\htdocs\DODMedia\frameworks\yii\1.1.16\web\CController.php(286): CController->runAction(Object(CInlineAction))
#5 C:\xampp\htdocs\DODMedia\frameworks\yii\1.1.16\web\CController.php(265): CController->runActionWithFilters(Object(CInlineAction), Array)
#6 C:\xampp\htdocs\DODMedia\frameworks\yii\1.1.16\web\CWebApplication.php(282): CController->run('login')
#7 C:\xampp\htdocs\DODMedia\frameworks\yii\1.1.16\web\CWebApplication.php(141): CWebApplication->runController('coeri__admin/de...')
#8 C:\xampp\htdocs\DODMedia\frameworks\yii\1.1.16\base\CApplication.php(184): CWebApplication->processRequest()
#9 C:\xampp\htdocs\DODMedia\projects\Coeri\project\index.php(13): CApplication->run()
#10 {main}
REQUEST_URI=/DODMedia/projects/Coeri/project/index.php/coeri__admin/login
---
2016/06/25 07:43:38 [error] [exception.CHttpException.404] exception 'CHttpException' with message 'Unable to resolve the request "images/admin/logo.png".' in C:\xampp\htdocs\DODMedia\frameworks\yii\1.1.16\web\CWebApplication.php:286
Stack trace:
#0 C:\xampp\htdocs\DODMedia\frameworks\yii\1.1.16\web\CWebApplication.php(141): CWebApplication->runController('images/admin/lo...')
#1 C:\xampp\htdocs\DODMedia\frameworks\yii\1.1.16\base\CApplication.php(184): CWebApplication->processRequest()
#2 C:\xampp\htdocs\DODMedia\projects\Coeri\project\index.php(13): CApplication->run()
#3 {main}
REQUEST_URI=/DODMedia/projects/Coeri/project/images/admin/logo.png
HTTP_REFERER=http://localhost/DODMedia/projects/Coeri/project/index.php/coeri__admin/login
---
2016/06/25 07:43:40 [error] [exception.CHttpException.404] exception 'CHttpException' with message 'Unable to resolve the request "images/admin/logo.png".' in C:\xampp\htdocs\DODMedia\frameworks\yii\1.1.16\web\CWebApplication.php:286
Stack trace:
#0 C:\xampp\htdocs\DODMedia\frameworks\yii\1.1.16\web\CWebApplication.php(141): CWebApplication->runController('images/admin/lo...')
#1 C:\xampp\htdocs\DODMedia\frameworks\yii\1.1.16\base\CApplication.php(184): CWebApplication->processRequest()
#2 C:\xampp\htdocs\DODMedia\projects\Coeri\project\index.php(13): CApplication->run()
#3 {main}
REQUEST_URI=/DODMedia/projects/Coeri/project/images/admin/logo.png
HTTP_REFERER=http://localhost/DODMedia/projects/Coeri/project/index.php/coeri__admin/login
---
2016/06/25 07:43:49 [error] [exception.CHttpException.404] exception 'CHttpException' with message 'Unable to resolve the request "images/admin/logo.png".' in C:\xampp\htdocs\DODMedia\frameworks\yii\1.1.16\web\CWebApplication.php:286
Stack trace:
#0 C:\xampp\htdocs\DODMedia\frameworks\yii\1.1.16\web\CWebApplication.php(141): CWebApplication->runController('images/admin/lo...')
#1 C:\xampp\htdocs\DODMedia\frameworks\yii\1.1.16\base\CApplication.php(184): CWebApplication->processRequest()
#2 C:\xampp\htdocs\DODMedia\projects\Coeri\project\index.php(13): CApplication->run()
#3 {main}
REQUEST_URI=/DODMedia/projects/Coeri/project/images/admin/logo.png
HTTP_REFERER=http://localhost/DODMedia/projects/Coeri/project/index.php/coeri__admin/login
---
2016/06/25 07:46:43 [error] [exception.CHttpException.404] exception 'CHttpException' with message 'Unable to resolve the request "js/admin-variables.js".' in C:\xampp\htdocs\DODMedia\frameworks\yii\1.1.16\web\CWebApplication.php:286
Stack trace:
#0 C:\xampp\htdocs\DODMedia\frameworks\yii\1.1.16\web\CWebApplication.php(141): CWebApplication->runController('js/admin-variab...')
#1 C:\xampp\htdocs\DODMedia\frameworks\yii\1.1.16\base\CApplication.php(184): CWebApplication->processRequest()
#2 C:\xampp\htdocs\DODMedia\projects\Coeri\project\index.php(13): CApplication->run()
#3 {main}
REQUEST_URI=/DODMedia/projects/Coeri/project/js/admin-variables.js
HTTP_REFERER=http://localhost/DODMedia/projects/Coeri/project/index.php/coeri__admin/login
---
2016/06/25 07:46:43 [error] [exception.CHttpException.404] exception 'CHttpException' with message 'Unable to resolve the request "js/admin.js".' in C:\xampp\htdocs\DODMedia\frameworks\yii\1.1.16\web\CWebApplication.php:286
Stack trace:
#0 C:\xampp\htdocs\DODMedia\frameworks\yii\1.1.16\web\CWebApplication.php(141): CWebApplication->runController('js/admin.js')
#1 C:\xampp\htdocs\DODMedia\frameworks\yii\1.1.16\base\CApplication.php(184): CWebApplication->processRequest()
#2 C:\xampp\htdocs\DODMedia\projects\Coeri\project\index.php(13): CApplication->run()
#3 {main}
REQUEST_URI=/DODMedia/projects/Coeri/project/js/admin.js
HTTP_REFERER=http://localhost/DODMedia/projects/Coeri/project/index.php/coeri__admin/login
---
2016/06/25 07:46:43 [error] [exception.CHttpException.404] exception 'CHttpException' with message 'Unable to resolve the request "images/admin/ajax-loader.gif".' in C:\xampp\htdocs\DODMedia\frameworks\yii\1.1.16\web\CWebApplication.php:286
Stack trace:
#0 C:\xampp\htdocs\DODMedia\frameworks\yii\1.1.16\web\CWebApplication.php(141): CWebApplication->runController('images/admin/aj...')
#1 C:\xampp\htdocs\DODMedia\frameworks\yii\1.1.16\base\CApplication.php(184): CWebApplication->processRequest()
#2 C:\xampp\htdocs\DODMedia\projects\Coeri\project\index.php(13): CApplication->run()
#3 {main}
REQUEST_URI=/DODMedia/projects/Coeri/project/images/admin/ajax-loader.gif
HTTP_REFERER=http://localhost/DODMedia/projects/Coeri/project/index.php/coeri__admin/login
---
2016/06/25 07:46:43 [error] [exception.CHttpException.404] exception 'CHttpException' with message 'Unable to resolve the request "images/admin/logo.png".' in C:\xampp\htdocs\DODMedia\frameworks\yii\1.1.16\web\CWebApplication.php:286
Stack trace:
#0 C:\xampp\htdocs\DODMedia\frameworks\yii\1.1.16\web\CWebApplication.php(141): CWebApplication->runController('images/admin/lo...')
#1 C:\xampp\htdocs\DODMedia\frameworks\yii\1.1.16\base\CApplication.php(184): CWebApplication->processRequest()
#2 C:\xampp\htdocs\DODMedia\projects\Coeri\project\index.php(13): CApplication->run()
#3 {main}
REQUEST_URI=/DODMedia/projects/Coeri/project/images/admin/logo.png
HTTP_REFERER=http://localhost/DODMedia/projects/Coeri/project/index.php/coeri__admin/login
---
2016/06/25 07:46:48 [error] [exception.CHttpException.404] exception 'CHttpException' with message 'Unable to resolve the request "images/admin/ajax-loader.gif".' in C:\xampp\htdocs\DODMedia\frameworks\yii\1.1.16\web\CWebApplication.php:286
Stack trace:
#0 C:\xampp\htdocs\DODMedia\frameworks\yii\1.1.16\web\CWebApplication.php(141): CWebApplication->runController('images/admin/aj...')
#1 C:\xampp\htdocs\DODMedia\frameworks\yii\1.1.16\base\CApplication.php(184): CWebApplication->processRequest()
#2 C:\xampp\htdocs\DODMedia\projects\Coeri\project\index.php(13): CApplication->run()
#3 {main}
REQUEST_URI=/DODMedia/projects/Coeri/project/images/admin/ajax-loader.gif
HTTP_REFERER=http://localhost/DODMedia/projects/Coeri/project/index.php/coeri__admin/login
---
2016/06/25 07:46:48 [error] [exception.CHttpException.404] exception 'CHttpException' with message 'Unable to resolve the request "images/admin/logo.png".' in C:\xampp\htdocs\DODMedia\frameworks\yii\1.1.16\web\CWebApplication.php:286
Stack trace:
#0 C:\xampp\htdocs\DODMedia\frameworks\yii\1.1.16\web\CWebApplication.php(141): CWebApplication->runController('images/admin/lo...')
#1 C:\xampp\htdocs\DODMedia\frameworks\yii\1.1.16\base\CApplication.php(184): CWebApplication->processRequest()
#2 C:\xampp\htdocs\DODMedia\projects\Coeri\project\index.php(13): CApplication->run()
#3 {main}
REQUEST_URI=/DODMedia/projects/Coeri/project/images/admin/logo.png
HTTP_REFERER=http://localhost/DODMedia/projects/Coeri/project/index.php/coeri__admin/login
---
2016/06/25 07:46:48 [error] [exception.CHttpException.404] exception 'CHttpException' with message 'Unable to resolve the request "js/admin.js".' in C:\xampp\htdocs\DODMedia\frameworks\yii\1.1.16\web\CWebApplication.php:286
Stack trace:
#0 C:\xampp\htdocs\DODMedia\frameworks\yii\1.1.16\web\CWebApplication.php(141): CWebApplication->runController('js/admin.js')
#1 C:\xampp\htdocs\DODMedia\frameworks\yii\1.1.16\base\CApplication.php(184): CWebApplication->processRequest()
#2 C:\xampp\htdocs\DODMedia\projects\Coeri\project\index.php(13): CApplication->run()
#3 {main}
REQUEST_URI=/DODMedia/projects/Coeri/project/js/admin.js
HTTP_REFERER=http://localhost/DODMedia/projects/Coeri/project/index.php/coeri__admin/login
---
2016/06/25 07:47:50 [error] [exception.CHttpException.404] exception 'CHttpException' with message 'Unable to resolve the request "js/admin-variables.js".' in C:\xampp\htdocs\DODMedia\frameworks\yii\1.1.16\web\CWebApplication.php:286
Stack trace:
#0 C:\xampp\htdocs\DODMedia\frameworks\yii\1.1.16\web\CWebApplication.php(141): CWebApplication->runController('js/admin-variab...')
#1 C:\xampp\htdocs\DODMedia\frameworks\yii\1.1.16\base\CApplication.php(184): CWebApplication->processRequest()
#2 C:\xampp\htdocs\DODMedia\projects\Coeri\project\index.php(13): CApplication->run()
#3 {main}
REQUEST_URI=/DODMedia/projects/Coeri/project/js/admin-variables.js
HTTP_REFERER=http://localhost/DODMedia/projects/Coeri/project/index.php/coeri__admin/login
---
2016/06/25 07:47:50 [error] [exception.CHttpException.404] exception 'CHttpException' with message 'Unable to resolve the request "js/admin.js".' in C:\xampp\htdocs\DODMedia\frameworks\yii\1.1.16\web\CWebApplication.php:286
Stack trace:
#0 C:\xampp\htdocs\DODMedia\frameworks\yii\1.1.16\web\CWebApplication.php(141): CWebApplication->runController('js/admin.js')
#1 C:\xampp\htdocs\DODMedia\frameworks\yii\1.1.16\base\CApplication.php(184): CWebApplication->processRequest()
#2 C:\xampp\htdocs\DODMedia\projects\Coeri\project\index.php(13): CApplication->run()
#3 {main}
REQUEST_URI=/DODMedia/projects/Coeri/project/js/admin.js
HTTP_REFERER=http://localhost/DODMedia/projects/Coeri/project/index.php/coeri__admin/login
---
2016/06/25 07:47:50 [error] [exception.CHttpException.404] exception 'CHttpException' with message 'Unable to resolve the request "images/admin/ajax-loader.gif".' in C:\xampp\htdocs\DODMedia\frameworks\yii\1.1.16\web\CWebApplication.php:286
Stack trace:
#0 C:\xampp\htdocs\DODMedia\frameworks\yii\1.1.16\web\CWebApplication.php(141): CWebApplication->runController('images/admin/aj...')
#1 C:\xampp\htdocs\DODMedia\frameworks\yii\1.1.16\base\CApplication.php(184): CWebApplication->processRequest()
#2 C:\xampp\htdocs\DODMedia\projects\Coeri\project\index.php(13): CApplication->run()
#3 {main}
REQUEST_URI=/DODMedia/projects/Coeri/project/images/admin/ajax-loader.gif
HTTP_REFERER=http://localhost/DODMedia/projects/Coeri/project/index.php/coeri__admin/login
---
2016/06/25 07:47:52 [error] [exception.CHttpException.404] exception 'CHttpException' with message 'Unable to resolve the request "images/admin/ajax-loader.gif".' in C:\xampp\htdocs\DODMedia\frameworks\yii\1.1.16\web\CWebApplication.php:286
Stack trace:
#0 C:\xampp\htdocs\DODMedia\frameworks\yii\1.1.16\web\CWebApplication.php(141): CWebApplication->runController('images/admin/aj...')
#1 C:\xampp\htdocs\DODMedia\frameworks\yii\1.1.16\base\CApplication.php(184): CWebApplication->processRequest()
#2 C:\xampp\htdocs\DODMedia\projects\Coeri\project\index.php(13): CApplication->run()
#3 {main}
REQUEST_URI=/DODMedia/projects/Coeri/project/images/admin/ajax-loader.gif
HTTP_REFERER=http://localhost/DODMedia/projects/Coeri/project/index.php/coeri__admin/login
---
2016/06/25 07:47:52 [error] [exception.CHttpException.404] exception 'CHttpException' with message 'Unable to resolve the request "js/admin.js".' in C:\xampp\htdocs\DODMedia\frameworks\yii\1.1.16\web\CWebApplication.php:286
Stack trace:
#0 C:\xampp\htdocs\DODMedia\frameworks\yii\1.1.16\web\CWebApplication.php(141): CWebApplication->runController('js/admin.js')
#1 C:\xampp\htdocs\DODMedia\frameworks\yii\1.1.16\base\CApplication.php(184): CWebApplication->processRequest()
#2 C:\xampp\htdocs\DODMedia\projects\Coeri\project\index.php(13): CApplication->run()
#3 {main}
REQUEST_URI=/DODMedia/projects/Coeri/project/js/admin.js
HTTP_REFERER=http://localhost/DODMedia/projects/Coeri/project/index.php/coeri__admin/login
---
2016/06/25 07:48:38 [error] [exception.CHttpException.404] exception 'CHttpException' with message 'Unable to resolve the request "js/admin-variables.js".' in C:\xampp\htdocs\DODMedia\frameworks\yii\1.1.16\web\CWebApplication.php:286
Stack trace:
#0 C:\xampp\htdocs\DODMedia\frameworks\yii\1.1.16\web\CWebApplication.php(141): CWebApplication->runController('js/admin-variab...')
#1 C:\xampp\htdocs\DODMedia\frameworks\yii\1.1.16\base\CApplication.php(184): CWebApplication->processRequest()
#2 C:\xampp\htdocs\DODMedia\projects\Coeri\project\index.php(13): CApplication->run()
#3 {main}
REQUEST_URI=/DODMedia/projects/Coeri/project/js/admin-variables.js
HTTP_REFERER=http://localhost/DODMedia/projects/Coeri/project/index.php/coeri__admin/login
---
2016/06/25 07:48:38 [error] [exception.CHttpException.404] exception 'CHttpException' with message 'Unable to resolve the request "js/admin.js".' in C:\xampp\htdocs\DODMedia\frameworks\yii\1.1.16\web\CWebApplication.php:286
Stack trace:
#0 C:\xampp\htdocs\DODMedia\frameworks\yii\1.1.16\web\CWebApplication.php(141): CWebApplication->runController('js/admin.js')
#1 C:\xampp\htdocs\DODMedia\frameworks\yii\1.1.16\base\CApplication.php(184): CWebApplication->processRequest()
#2 C:\xampp\htdocs\DODMedia\projects\Coeri\project\index.php(13): CApplication->run()
#3 {main}
REQUEST_URI=/DODMedia/projects/Coeri/project/js/admin.js
HTTP_REFERER=http://localhost/DODMedia/projects/Coeri/project/index.php/coeri__admin/login
---
2016/06/25 07:48:47 [error] [exception.CHttpException.404] exception 'CHttpException' with message 'Unable to resolve the request "js/admin.js".' in C:\xampp\htdocs\DODMedia\frameworks\yii\1.1.16\web\CWebApplication.php:286
Stack trace:
#0 C:\xampp\htdocs\DODMedia\frameworks\yii\1.1.16\web\CWebApplication.php(141): CWebApplication->runController('js/admin.js')
#1 C:\xampp\htdocs\DODMedia\frameworks\yii\1.1.16\base\CApplication.php(184): CWebApplication->processRequest()
#2 C:\xampp\htdocs\DODMedia\projects\Coeri\project\index.php(13): CApplication->run()
#3 {main}
REQUEST_URI=/DODMedia/projects/Coeri/project/js/admin.js
HTTP_REFERER=http://localhost/DODMedia/projects/Coeri/project/index.php/coeri__admin/login
---
2016/06/25 07:52:49 [error] [exception.CHttpException.404] exception 'CHttpException' with message 'Unable to resolve the request "js/admin-variables.js".' in C:\xampp\htdocs\DODMedia\frameworks\yii\1.1.16\web\CWebApplication.php:286
Stack trace:
#0 C:\xampp\htdocs\DODMedia\frameworks\yii\1.1.16\web\CWebApplication.php(141): CWebApplication->runController('js/admin-variab...')
#1 C:\xampp\htdocs\DODMedia\frameworks\yii\1.1.16\base\CApplication.php(184): CWebApplication->processRequest()
#2 C:\xampp\htdocs\DODMedia\projects\Coeri\project\index.php(13): CApplication->run()
#3 {main}
REQUEST_URI=/DODMedia/projects/Coeri/project/js/admin-variables.js
HTTP_REFERER=http://localhost/DODMedia/projects/Coeri/project/index.php/coeri__admin/login
---
2016/06/25 07:52:49 [error] [exception.CHttpException.404] exception 'CHttpException' with message 'Unable to resolve the request "js/admin.js".' in C:\xampp\htdocs\DODMedia\frameworks\yii\1.1.16\web\CWebApplication.php:286
Stack trace:
#0 C:\xampp\htdocs\DODMedia\frameworks\yii\1.1.16\web\CWebApplication.php(141): CWebApplication->runController('js/admin.js')
#1 C:\xampp\htdocs\DODMedia\frameworks\yii\1.1.16\base\CApplication.php(184): CWebApplication->processRequest()
#2 C:\xampp\htdocs\DODMedia\projects\Coeri\project\index.php(13): CApplication->run()
#3 {main}
REQUEST_URI=/DODMedia/projects/Coeri/project/js/admin.js
HTTP_REFERER=http://localhost/DODMedia/projects/Coeri/project/index.php/coeri__admin/login
---
2016/06/25 07:52:54 [error] [exception.CHttpException.404] exception 'CHttpException' with message 'Unable to resolve the request "js/admin.js".' in C:\xampp\htdocs\DODMedia\frameworks\yii\1.1.16\web\CWebApplication.php:286
Stack trace:
#0 C:\xampp\htdocs\DODMedia\frameworks\yii\1.1.16\web\CWebApplication.php(141): CWebApplication->runController('js/admin.js')
#1 C:\xampp\htdocs\DODMedia\frameworks\yii\1.1.16\base\CApplication.php(184): CWebApplication->processRequest()
#2 C:\xampp\htdocs\DODMedia\projects\Coeri\project\index.php(13): CApplication->run()
#3 {main}
REQUEST_URI=/DODMedia/projects/Coeri/project/js/admin.js
HTTP_REFERER=http://localhost/DODMedia/projects/Coeri/project/index.php/coeri__admin/login
---
2016/06/25 07:53:28 [error] [exception.CHttpException.404] exception 'CHttpException' with message 'Unable to resolve the request "js/admin-variables.js".' in C:\xampp\htdocs\DODMedia\frameworks\yii\1.1.16\web\CWebApplication.php:286
Stack trace:
#0 C:\xampp\htdocs\DODMedia\frameworks\yii\1.1.16\web\CWebApplication.php(141): CWebApplication->runController('js/admin-variab...')
#1 C:\xampp\htdocs\DODMedia\frameworks\yii\1.1.16\base\CApplication.php(184): CWebApplication->processRequest()
#2 C:\xampp\htdocs\DODMedia\projects\Coeri\project\index.php(13): CApplication->run()
#3 {main}
REQUEST_URI=/DODMedia/projects/Coeri/project/js/admin-variables.js
HTTP_REFERER=http://localhost/DODMedia/projects/Coeri/project/index.php/coeri__admin/login
---
2016/06/25 07:53:28 [error] [exception.CHttpException.404] exception 'CHttpException' with message 'Unable to resolve the request "js/admin.js".' in C:\xampp\htdocs\DODMedia\frameworks\yii\1.1.16\web\CWebApplication.php:286
Stack trace:
#0 C:\xampp\htdocs\DODMedia\frameworks\yii\1.1.16\web\CWebApplication.php(141): CWebApplication->runController('js/admin.js')
#1 C:\xampp\htdocs\DODMedia\frameworks\yii\1.1.16\base\CApplication.php(184): CWebApplication->processRequest()
#2 C:\xampp\htdocs\DODMedia\projects\Coeri\project\index.php(13): CApplication->run()
#3 {main}
REQUEST_URI=/DODMedia/projects/Coeri/project/js/admin.js
HTTP_REFERER=http://localhost/DODMedia/projects/Coeri/project/index.php/coeri__admin/login
---
2016/06/25 07:53:30 [error] [exception.CHttpException.404] exception 'CHttpException' with message 'Unable to resolve the request "js/admin.js".' in C:\xampp\htdocs\DODMedia\frameworks\yii\1.1.16\web\CWebApplication.php:286
Stack trace:
#0 C:\xampp\htdocs\DODMedia\frameworks\yii\1.1.16\web\CWebApplication.php(141): CWebApplication->runController('js/admin.js')
#1 C:\xampp\htdocs\DODMedia\frameworks\yii\1.1.16\base\CApplication.php(184): CWebApplication->processRequest()
#2 C:\xampp\htdocs\DODMedia\projects\Coeri\project\index.php(13): CApplication->run()
#3 {main}
REQUEST_URI=/DODMedia/projects/Coeri/project/js/admin.js
HTTP_REFERER=http://localhost/DODMedia/projects/Coeri/project/index.php/coeri__admin/login
---
2016/06/25 07:53:48 [error] [exception.CHttpException.404] exception 'CHttpException' with message 'Unable to resolve the request "js/admin-variables.js".' in C:\xampp\htdocs\DODMedia\frameworks\yii\1.1.16\web\CWebApplication.php:286
Stack trace:
#0 C:\xampp\htdocs\DODMedia\frameworks\yii\1.1.16\web\CWebApplication.php(141): CWebApplication->runController('js/admin-variab...')
#1 C:\xampp\htdocs\DODMedia\frameworks\yii\1.1.16\base\CApplication.php(184): CWebApplication->processRequest()
#2 C:\xampp\htdocs\DODMedia\projects\Coeri\project\index.php(13): CApplication->run()
#3 {main}
REQUEST_URI=/DODMedia/projects/Coeri/project/js/admin-variables.js
HTTP_REFERER=http://localhost/DODMedia/projects/Coeri/project/index.php/coeri__admin/login
---
2016/06/25 07:53:48 [error] [exception.CHttpException.404] exception 'CHttpException' with message 'Unable to resolve the request "js/admin.js".' in C:\xampp\htdocs\DODMedia\frameworks\yii\1.1.16\web\CWebApplication.php:286
Stack trace:
#0 C:\xampp\htdocs\DODMedia\frameworks\yii\1.1.16\web\CWebApplication.php(141): CWebApplication->runController('js/admin.js')
#1 C:\xampp\htdocs\DODMedia\frameworks\yii\1.1.16\base\CApplication.php(184): CWebApplication->processRequest()
#2 C:\xampp\htdocs\DODMedia\projects\Coeri\project\index.php(13): CApplication->run()
#3 {main}
REQUEST_URI=/DODMedia/projects/Coeri/project/js/admin.js
HTTP_REFERER=http://localhost/DODMedia/projects/Coeri/project/index.php/coeri__admin/login
---
2016/06/25 07:54:46 [error] [exception.CHttpException.404] exception 'CHttpException' with message 'Unable to resolve the request "js/admin-variables.js".' in C:\xampp\htdocs\DODMedia\frameworks\yii\1.1.16\web\CWebApplication.php:286
Stack trace:
#0 C:\xampp\htdocs\DODMedia\frameworks\yii\1.1.16\web\CWebApplication.php(141): CWebApplication->runController('js/admin-variab...')
#1 C:\xampp\htdocs\DODMedia\frameworks\yii\1.1.16\base\CApplication.php(184): CWebApplication->processRequest()
#2 C:\xampp\htdocs\DODMedia\projects\Coeri\project\index.php(13): CApplication->run()
#3 {main}
REQUEST_URI=/DODMedia/projects/Coeri/project/js/admin-variables.js
HTTP_REFERER=http://localhost/DODMedia/projects/Coeri/project/index.php/coeri__admin/login
---
2016/06/25 07:54:46 [error] [exception.CHttpException.404] exception 'CHttpException' with message 'Unable to resolve the request "js/admin.js".' in C:\xampp\htdocs\DODMedia\frameworks\yii\1.1.16\web\CWebApplication.php:286
Stack trace:
#0 C:\xampp\htdocs\DODMedia\frameworks\yii\1.1.16\web\CWebApplication.php(141): CWebApplication->runController('js/admin.js')
#1 C:\xampp\htdocs\DODMedia\frameworks\yii\1.1.16\base\CApplication.php(184): CWebApplication->processRequest()
#2 C:\xampp\htdocs\DODMedia\projects\Coeri\project\index.php(13): CApplication->run()
#3 {main}
REQUEST_URI=/DODMedia/projects/Coeri/project/js/admin.js
HTTP_REFERER=http://localhost/DODMedia/projects/Coeri/project/index.php/coeri__admin/login
---
2016/06/25 07:55:18 [error] [exception.CHttpException.404] exception 'CHttpException' with message 'Unable to resolve the request "js/admin-variables.js".' in C:\xampp\htdocs\DODMedia\frameworks\yii\1.1.16\web\CWebApplication.php:286
Stack trace:
#0 C:\xampp\htdocs\DODMedia\frameworks\yii\1.1.16\web\CWebApplication.php(141): CWebApplication->runController('js/admin-variab...')
#1 C:\xampp\htdocs\DODMedia\frameworks\yii\1.1.16\base\CApplication.php(184): CWebApplication->processRequest()
#2 C:\xampp\htdocs\DODMedia\projects\Coeri\project\index.php(13): CApplication->run()
#3 {main}
REQUEST_URI=/DODMedia/projects/Coeri/project/js/admin-variables.js
HTTP_REFERER=http://localhost/DODMedia/projects/Coeri/project/index.php/coeri__admin/login
---
2016/06/25 07:55:19 [error] [exception.CHttpException.404] exception 'CHttpException' with message 'Unable to resolve the request "js/admin.js".' in C:\xampp\htdocs\DODMedia\frameworks\yii\1.1.16\web\CWebApplication.php:286
Stack trace:
#0 C:\xampp\htdocs\DODMedia\frameworks\yii\1.1.16\web\CWebApplication.php(141): CWebApplication->runController('js/admin.js')
#1 C:\xampp\htdocs\DODMedia\frameworks\yii\1.1.16\base\CApplication.php(184): CWebApplication->processRequest()
#2 C:\xampp\htdocs\DODMedia\projects\Coeri\project\index.php(13): CApplication->run()
#3 {main}
REQUEST_URI=/DODMedia/projects/Coeri/project/js/admin.js
HTTP_REFERER=http://localhost/DODMedia/projects/Coeri/project/index.php/coeri__admin/login
---
2016/06/25 07:56:25 [error] [exception.CHttpException.404] exception 'CHttpException' with message 'Unable to resolve the request "images/users/a31e750ea75d93a779fe396c255050e3.jpg".' in C:\xampp\htdocs\DODMedia\frameworks\yii\1.1.16\web\CWebApplication.php:286
Stack trace:
#0 C:\xampp\htdocs\DODMedia\frameworks\yii\1.1.16\web\CWebApplication.php(141): CWebApplication->runController('images/users/a3...')
#1 C:\xampp\htdocs\DODMedia\frameworks\yii\1.1.16\base\CApplication.php(184): CWebApplication->processRequest()
#2 C:\xampp\htdocs\DODMedia\projects\Coeri\project\index.php(13): CApplication->run()
#3 {main}
REQUEST_URI=/DODMedia/projects/Coeri/project/images/users/a31e750ea75d93a779fe396c255050e3.jpg
HTTP_REFERER=http://localhost/DODMedia/projects/Coeri/project/index.php/coeri__admin/index
---
2016/06/25 07:56:26 [error] [exception.CHttpException.404] exception 'CHttpException' with message 'Unable to resolve the request "images/users/a31e750ea75d93a779fe396c255050e3.jpg".' in C:\xampp\htdocs\DODMedia\frameworks\yii\1.1.16\web\CWebApplication.php:286
Stack trace:
#0 C:\xampp\htdocs\DODMedia\frameworks\yii\1.1.16\web\CWebApplication.php(141): CWebApplication->runController('images/users/a3...')
#1 C:\xampp\htdocs\DODMedia\frameworks\yii\1.1.16\base\CApplication.php(184): CWebApplication->processRequest()
#2 C:\xampp\htdocs\DODMedia\projects\Coeri\project\index.php(13): CApplication->run()
#3 {main}
REQUEST_URI=/DODMedia/projects/Coeri/project/images/users/a31e750ea75d93a779fe396c255050e3.jpg
HTTP_REFERER=http://localhost/DODMedia/projects/Coeri/project/index.php/coeri__admin/index
---
2016/06/25 07:56:40 [error] [exception.CHttpException.404] exception 'CHttpException' with message 'Unable to resolve the request "images/users/a31e750ea75d93a779fe396c255050e3.jpg".' in C:\xampp\htdocs\DODMedia\frameworks\yii\1.1.16\web\CWebApplication.php:286
Stack trace:
#0 C:\xampp\htdocs\DODMedia\frameworks\yii\1.1.16\web\CWebApplication.php(141): CWebApplication->runController('images/users/a3...')
#1 C:\xampp\htdocs\DODMedia\frameworks\yii\1.1.16\base\CApplication.php(184): CWebApplication->processRequest()
#2 C:\xampp\htdocs\DODMedia\projects\Coeri\project\index.php(13): CApplication->run()
#3 {main}
REQUEST_URI=/DODMedia/projects/Coeri/project/images/users/a31e750ea75d93a779fe396c255050e3.jpg
HTTP_REFERER=http://localhost/DODMedia/projects/Coeri/project/index.php/coeri__admin/profile/view
---
2016/06/25 07:56:43 [error] [exception.CHttpException.404] exception 'CHttpException' with message 'Unable to resolve the request "images/users/a31e750ea75d93a779fe396c255050e3.jpg".' in C:\xampp\htdocs\DODMedia\frameworks\yii\1.1.16\web\CWebApplication.php:286
Stack trace:
#0 C:\xampp\htdocs\DODMedia\frameworks\yii\1.1.16\web\CWebApplication.php(141): CWebApplication->runController('images/users/a3...')
#1 C:\xampp\htdocs\DODMedia\frameworks\yii\1.1.16\base\CApplication.php(184): CWebApplication->processRequest()
#2 C:\xampp\htdocs\DODMedia\projects\Coeri\project\index.php(13): CApplication->run()
#3 {main}
REQUEST_URI=/DODMedia/projects/Coeri/project/images/users/a31e750ea75d93a779fe396c255050e3.jpg
HTTP_REFERER=http://localhost/DODMedia/projects/Coeri/project/index.php/coeri__admin/profile/update
---
2016/06/25 07:59:52 [error] [exception.CHttpException.404] exception 'CHttpException' with message 'Unable to resolve the request "coeri__admin/news/admin".' in C:\xampp\htdocs\DODMedia\frameworks\yii\1.1.16\web\CWebApplication.php:286
Stack trace:
#0 C:\xampp\htdocs\DODMedia\frameworks\yii\1.1.16\web\CWebApplication.php(141): CWebApplication->runController('coeri__admin/ne...')
#1 C:\xampp\htdocs\DODMedia\frameworks\yii\1.1.16\base\CApplication.php(184): CWebApplication->processRequest()
#2 C:\xampp\htdocs\DODMedia\projects\Coeri\project\index.php(13): CApplication->run()
#3 {main}
REQUEST_URI=/DODMedia/projects/Coeri/project/index.php/coeri__admin/news/admin
HTTP_REFERER=http://localhost/DODMedia/projects/Coeri/project/index.php/coeri__admin/index
---
2016/06/25 08:19:01 [error] [exception.CHttpException.404] exception 'CHttpException' with message 'Unable to resolve the request "coeri__admin/projects/admin".' in C:\xampp\htdocs\DODMedia\frameworks\yii\1.1.16\web\CWebApplication.php:286
Stack trace:
#0 C:\xampp\htdocs\DODMedia\frameworks\yii\1.1.16\web\CWebApplication.php(141): CWebApplication->runController('coeri__admin/pr...')
#1 C:\xampp\htdocs\DODMedia\frameworks\yii\1.1.16\base\CApplication.php(184): CWebApplication->processRequest()
#2 C:\xampp\htdocs\DODMedia\projects\Coeri\project\index.php(13): CApplication->run()
#3 {main}
REQUEST_URI=/DODMedia/projects/Coeri/project/index.php/coeri__admin/projects/admin
HTTP_REFERER=http://localhost/DODMedia/projects/Coeri/project/index.php/coeri__admin/index
---
2016/06/25 08:19:54 [error] [exception.CHttpException.404] exception 'CHttpException' with message 'Unable to resolve the request "coeri__admin/projects/admin".' in C:\xampp\htdocs\DODMedia\frameworks\yii\1.1.16\web\CWebApplication.php:286
Stack trace:
#0 C:\xampp\htdocs\DODMedia\frameworks\yii\1.1.16\web\CWebApplication.php(141): CWebApplication->runController('coeri__admin/pr...')
#1 C:\xampp\htdocs\DODMedia\frameworks\yii\1.1.16\base\CApplication.php(184): CWebApplication->processRequest()
#2 C:\xampp\htdocs\DODMedia\projects\Coeri\project\index.php(13): CApplication->run()
#3 {main}
REQUEST_URI=/DODMedia/projects/Coeri/project/coeri__admin/projects/admin
---
2016/06/25 08:20:03 [error] [exception.CHttpException.404] exception 'CHttpException' with message 'Unable to resolve the request "coeri__admin/projects/admin".' in C:\xampp\htdocs\DODMedia\frameworks\yii\1.1.16\web\CWebApplication.php:286
Stack trace:
#0 C:\xampp\htdocs\DODMedia\frameworks\yii\1.1.16\web\CWebApplication.php(141): CWebApplication->runController('coeri__admin/pr...')
#1 C:\xampp\htdocs\DODMedia\frameworks\yii\1.1.16\base\CApplication.php(184): CWebApplication->processRequest()
#2 C:\xampp\htdocs\DODMedia\projects\Coeri\project\index.php(13): CApplication->run()
#3 {main}
REQUEST_URI=/DODMedia/projects/Coeri/project/index.php/coeri__admin/projects/admin
HTTP_REFERER=http://localhost/DODMedia/projects/Coeri/project/coeri__admin/
---
2016/06/25 08:20:49 [error] [exception.CHttpException.404] exception 'CHttpException' with message 'Unable to resolve the request "coeri__admin/projects/admin".' in C:\xampp\htdocs\DODMedia\frameworks\yii\1.1.16\web\CWebApplication.php:286
Stack trace:
#0 C:\xampp\htdocs\DODMedia\frameworks\yii\1.1.16\web\CWebApplication.php(141): CWebApplication->runController('coeri__admin/pr...')
#1 C:\xampp\htdocs\DODMedia\frameworks\yii\1.1.16\base\CApplication.php(184): CWebApplication->processRequest()
#2 C:\xampp\htdocs\DODMedia\projects\Coeri\project\index.php(13): CApplication->run()
#3 {main}
REQUEST_URI=/DODMedia/projects/Coeri/project/index.php/coeri__admin/projects/admin
HTTP_REFERER=http://localhost/DODMedia/projects/Coeri/project/coeri__admin/
---
2016/06/25 08:20:53 [error] [exception.CHttpException.404] exception 'CHttpException' with message 'Unable to resolve the request "coeri__admin/projects/admin".' in C:\xampp\htdocs\DODMedia\frameworks\yii\1.1.16\web\CWebApplication.php:286
Stack trace:
#0 C:\xampp\htdocs\DODMedia\frameworks\yii\1.1.16\web\CWebApplication.php(141): CWebApplication->runController('coeri__admin/pr...')
#1 C:\xampp\htdocs\DODMedia\frameworks\yii\1.1.16\base\CApplication.php(184): CWebApplication->processRequest()
#2 C:\xampp\htdocs\DODMedia\projects\Coeri\project\index.php(13): CApplication->run()
#3 {main}
REQUEST_URI=/DODMedia/projects/Coeri/project/index.php/coeri__admin/projects/admin
HTTP_REFERER=http://localhost/DODMedia/projects/Coeri/project/coeri__admin/
---
2016/06/25 08:22:18 [error] [exception.CHttpException.404] exception 'CHttpException' with message 'Unable to resolve the request "coeri__admin/projects/admin".' in C:\xampp\htdocs\DODMedia\frameworks\yii\1.1.16\web\CWebApplication.php:286
Stack trace:
#0 C:\xampp\htdocs\DODMedia\frameworks\yii\1.1.16\web\CWebApplication.php(141): CWebApplication->runController('coeri__admin/pr...')
#1 C:\xampp\htdocs\DODMedia\frameworks\yii\1.1.16\base\CApplication.php(184): CWebApplication->processRequest()
#2 C:\xampp\htdocs\DODMedia\projects\Coeri\project\index.php(13): CApplication->run()
#3 {main}
REQUEST_URI=/DODMedia/projects/Coeri/project/index.php/coeri__admin/projects/admin
HTTP_REFERER=http://localhost/DODMedia/projects/Coeri/project/coeri__admin/
---
2016/06/25 08:23:39 [error] [exception.CHttpException.404] exception 'CHttpException' with message 'Unable to resolve the request "coeri__admin/projects/admin".' in C:\xampp\htdocs\DODMedia\frameworks\yii\1.1.16\web\CWebApplication.php:286
Stack trace:
#0 C:\xampp\htdocs\DODMedia\frameworks\yii\1.1.16\web\CWebApplication.php(141): CWebApplication->runController('coeri__admin/pr...')
#1 C:\xampp\htdocs\DODMedia\frameworks\yii\1.1.16\base\CApplication.php(184): CWebApplication->processRequest()
#2 C:\xampp\htdocs\DODMedia\projects\Coeri\project\index.php(13): CApplication->run()
#3 {main}
REQUEST_URI=/DODMedia/projects/Coeri/project/index.php/coeri__admin/projects/admin
HTTP_REFERER=http://localhost/DODMedia/projects/Coeri/project/coeri__admin/
---
2016/06/25 08:23:52 [error] [exception.CHttpException.404] exception 'CHttpException' with message 'Unable to resolve the request "coeri__admin/projects/admin".' in C:\xampp\htdocs\DODMedia\frameworks\yii\1.1.16\web\CWebApplication.php:286
Stack trace:
#0 C:\xampp\htdocs\DODMedia\frameworks\yii\1.1.16\web\CWebApplication.php(141): CWebApplication->runController('coeri__admin/pr...')
#1 C:\xampp\htdocs\DODMedia\frameworks\yii\1.1.16\base\CApplication.php(184): CWebApplication->processRequest()
#2 C:\xampp\htdocs\DODMedia\projects\Coeri\project\index.php(13): CApplication->run()
#3 {main}
REQUEST_URI=/DODMedia/projects/Coeri/project/index.php/coeri__admin/projects/admin
HTTP_REFERER=http://localhost/DODMedia/projects/Coeri/project/coeri__admin/
---
2016/06/25 08:25:14 [error] [exception.CHttpException.404] exception 'CHttpException' with message 'Unable to resolve the request "coeri__admin/projects/admin".' in C:\xampp\htdocs\DODMedia\frameworks\yii\1.1.16\web\CWebApplication.php:286
Stack trace:
#0 C:\xampp\htdocs\DODMedia\frameworks\yii\1.1.16\web\CWebApplication.php(141): CWebApplication->runController('coeri__admin/pr...')
#1 C:\xampp\htdocs\DODMedia\frameworks\yii\1.1.16\base\CApplication.php(184): CWebApplication->processRequest()
#2 C:\xampp\htdocs\DODMedia\projects\Coeri\project\index.php(13): CApplication->run()
#3 {main}
REQUEST_URI=/DODMedia/projects/Coeri/project/index.php/coeri__admin/projects/admin
HTTP_REFERER=http://localhost/DODMedia/projects/Coeri/project/coeri__admin/
---
2016/06/25 08:25:20 [error] [exception.CHttpException.404] exception 'CHttpException' with message 'Unable to resolve the request "coeri__admin/projects/admin".' in C:\xampp\htdocs\DODMedia\frameworks\yii\1.1.16\web\CWebApplication.php:286
Stack trace:
#0 C:\xampp\htdocs\DODMedia\frameworks\yii\1.1.16\web\CWebApplication.php(141): CWebApplication->runController('coeri__admin/pr...')
#1 C:\xampp\htdocs\DODMedia\frameworks\yii\1.1.16\base\CApplication.php(184): CWebApplication->processRequest()
#2 C:\xampp\htdocs\DODMedia\projects\Coeri\project\index.php(13): CApplication->run()
#3 {main}
REQUEST_URI=/DODMedia/projects/Coeri/project/index.php/coeri__admin/projects/admin
HTTP_REFERER=http://localhost/DODMedia/projects/Coeri/project/coeri__admin/
---
2016/06/25 08:27:39 [error] [exception.CHttpException.404] exception 'CHttpException' with message 'Unable to resolve the request "coeri__admin/projects/admin".' in C:\xampp\htdocs\DODMedia\frameworks\yii\1.1.16\web\CWebApplication.php:286
Stack trace:
#0 C:\xampp\htdocs\DODMedia\frameworks\yii\1.1.16\web\CWebApplication.php(141): CWebApplication->runController('coeri__admin/pr...')
#1 C:\xampp\htdocs\DODMedia\frameworks\yii\1.1.16\base\CApplication.php(184): CWebApplication->processRequest()
#2 C:\xampp\htdocs\DODMedia\projects\Coeri\project\index.php(13): CApplication->run()
#3 {main}
REQUEST_URI=/DODMedia/projects/Coeri/project/index.php/coeri__admin/projects/admin
HTTP_REFERER=http://localhost/DODMedia/projects/Coeri/project/coeri__admin/
---
2016/06/25 08:29:46 [error] [exception.CHttpException.404] exception 'CHttpException' with message 'Unable to resolve the request "coeri__admin/projects/create".' in C:\xampp\htdocs\DODMedia\frameworks\yii\1.1.16\web\CWebApplication.php:286
Stack trace:
#0 C:\xampp\htdocs\DODMedia\frameworks\yii\1.1.16\web\CWebApplication.php(141): CWebApplication->runController('coeri__admin/pr...')
#1 C:\xampp\htdocs\DODMedia\frameworks\yii\1.1.16\base\CApplication.php(184): CWebApplication->processRequest()
#2 C:\xampp\htdocs\DODMedia\projects\Coeri\project\index.php(13): CApplication->run()
#3 {main}
REQUEST_URI=/DODMedia/projects/Coeri/project/index.php/coeri__admin/projects/create
HTTP_REFERER=http://localhost/DODMedia/projects/Coeri/project/index.php/coeri__admin/project/admin
---
2016/06/25 08:30:31 [error] [php] include(Posts.php): failed to open stream: No such file or directory (C:\xampp\htdocs\DODMedia\frameworks\yii\1.1.16\YiiBase.php:432)
Stack trace:
#0 C:\xampp\htdocs\DODMedia\projects\Coeri\project\protected\components\MyMethods.php(229): spl_autoload_call()
#1 C:\xampp\htdocs\DODMedia\projects\Coeri\project\protected\modules\coeri__admin\views\project\_form.php(47): getListSelect()
#2 C:\xampp\htdocs\DODMedia\frameworks\yii\1.1.16\web\CBaseController.php(126): require()
#3 C:\xampp\htdocs\DODMedia\frameworks\yii\1.1.16\web\CBaseController.php(95): ProjectController->renderInternal()
#4 C:\xampp\htdocs\DODMedia\frameworks\yii\1.1.16\web\CController.php(869): ProjectController->renderFile()
#5 C:\xampp\htdocs\DODMedia\projects\Coeri\project\protected\modules\coeri__admin\views\project\create.php(7): ProjectController->renderPartial()
#6 C:\xampp\htdocs\DODMedia\frameworks\yii\1.1.16\web\CBaseController.php(126): require()
#7 C:\xampp\htdocs\DODMedia\frameworks\yii\1.1.16\web\CBaseController.php(95): ProjectController->renderInternal()
#8 C:\xampp\htdocs\DODMedia\frameworks\yii\1.1.16\web\CController.php(869): ProjectController->renderFile()
#9 C:\xampp\htdocs\DODMedia\frameworks\yii\1.1.16\web\CController.php(782): ProjectController->renderPartial()
#10 C:\xampp\htdocs\DODMedia\projects\Coeri\project\protected\modules\coeri__admin\controllers\ProjectController.php(141): ProjectController->render()
#11 C:\xampp\htdocs\DODMedia\frameworks\yii\1.1.16\web\actions\CInlineAction.php(49): ProjectController->actionCreate()
#12 C:\xampp\htdocs\DODMedia\frameworks\yii\1.1.16\web\CController.php(308): CInlineAction->runWithParams()
#13 C:\xampp\htdocs\DODMedia\frameworks\yii\1.1.16\web\filters\CFilterChain.php(133): ProjectController->runAction()
#14 C:\xampp\htdocs\DODMedia\frameworks\yii\1.1.16\web\filters\CFilter.php(40): CFilterChain->run()
#15 C:\xampp\htdocs\DODMedia\frameworks\yii\1.1.16\web\CController.php(1145): CAccessControlFilter->filter()
#16 C:\xampp\htdocs\DODMedia\frameworks\yii\1.1.16\web\filters\CInlineFilter.php(58): ProjectController->filterAccessControl()
#17 C:\xampp\htdocs\DODMedia\frameworks\yii\1.1.16\web\filters\CFilterChain.php(130): CInlineFilter->filter()
#18 C:\xampp\htdocs\DODMedia\frameworks\yii\1.1.16\web\CController.php(291): CFilterChain->run()
#19 C:\xampp\htdocs\DODMedia\frameworks\yii\1.1.16\web\CController.php(265): ProjectController->runActionWithFilters()
#20 C:\xampp\htdocs\DODMedia\frameworks\yii\1.1.16\web\CWebApplication.php(282): ProjectController->run()
#21 C:\xampp\htdocs\DODMedia\frameworks\yii\1.1.16\web\CWebApplication.php(141): CWebApplication->runController()
#22 C:\xampp\htdocs\DODMedia\frameworks\yii\1.1.16\base\CApplication.php(184): CWebApplication->processRequest()
#23 C:\xampp\htdocs\DODMedia\projects\Coeri\project\index.php(13): CWebApplication->run()
REQUEST_URI=/DODMedia/projects/Coeri/project/index.php/coeri__admin/project/create
in C:\xampp\htdocs\DODMedia\projects\Coeri\project\protected\components\MyMethods.php (229)
in C:\xampp\htdocs\DODMedia\projects\Coeri\project\protected\modules\coeri__admin\views\project\_form.php (47)
in C:\xampp\htdocs\DODMedia\projects\Coeri\project\protected\modules\coeri__admin\views\project\create.php (7)
2016/06/25 08:40:57 [error] [exception.CException] exception 'CException' with message 'Property "SlideProject.date" is not defined.' in C:\xampp\htdocs\DODMedia\frameworks\yii\1.1.16\base\CComponent.php:173
Stack trace:
#0 C:\xampp\htdocs\DODMedia\frameworks\yii\1.1.16\db\ar\CActiveRecord.php(161): CComponent->__set('date', Object(CDbExpression))
#1 C:\xampp\htdocs\DODMedia\projects\Coeri\project\protected\modules\coeri__admin\controllers\ProjectController.php(113): CActiveRecord->__set('date', Object(CDbExpression))
#2 C:\xampp\htdocs\DODMedia\frameworks\yii\1.1.16\web\actions\CInlineAction.php(49): ProjectController->actionCreate()
#3 C:\xampp\htdocs\DODMedia\frameworks\yii\1.1.16\web\CController.php(308): CInlineAction->runWithParams(Array)
#4 C:\xampp\htdocs\DODMedia\frameworks\yii\1.1.16\web\filters\CFilterChain.php(133): CController->runAction(Object(CInlineAction))
#5 C:\xampp\htdocs\DODMedia\frameworks\yii\1.1.16\web\filters\CFilter.php(40): CFilterChain->run()
#6 C:\xampp\htdocs\DODMedia\frameworks\yii\1.1.16\web\CController.php(1145): CFilter->filter(Object(CFilterChain))
#7 C:\xampp\htdocs\DODMedia\frameworks\yii\1.1.16\web\filters\CInlineFilter.php(58): CController->filterAccessControl(Object(CFilterChain))
#8 C:\xampp\htdocs\DODMedia\frameworks\yii\1.1.16\web\filters\CFilterChain.php(130): CInlineFilter->filter(Object(CFilterChain))
#9 C:\xampp\htdocs\DODMedia\frameworks\yii\1.1.16\web\CController.php(291): CFilterChain->run()
#10 C:\xampp\htdocs\DODMedia\frameworks\yii\1.1.16\web\CController.php(265): CController->runActionWithFilters(Object(CInlineAction), Array)
#11 C:\xampp\htdocs\DODMedia\frameworks\yii\1.1.16\web\CWebApplication.php(282): CController->run('create')
#12 C:\xampp\htdocs\DODMedia\frameworks\yii\1.1.16\web\CWebApplication.php(141): CWebApplication->runController('coeri__admin/pr...')
#13 C:\xampp\htdocs\DODMedia\frameworks\yii\1.1.16\base\CApplication.php(184): CWebApplication->processRequest()
#14 C:\xampp\htdocs\DODMedia\projects\Coeri\project\index.php(13): CApplication->run()
#15 {main}
REQUEST_URI=/DODMedia/projects/Coeri/project/index.php/coeri__admin/project/create
HTTP_REFERER=http://localhost/DODMedia/projects/Coeri/project/index.php/coeri__admin/project/create
---
2016/06/25 08:49:57 [error] [exception.CException] exception 'CException' with message 'Property "SlideProject.id_project" is not defined.' in C:\xampp\htdocs\DODMedia\frameworks\yii\1.1.16\base\CComponent.php:130
Stack trace:
#0 C:\xampp\htdocs\DODMedia\frameworks\yii\1.1.16\db\ar\CActiveRecord.php(145): CComponent->__get('id_project')
#1 C:\xampp\htdocs\DODMedia\projects\Coeri\project\protected\modules\coeri__admin\views\project\admin.php(58): CActiveRecord->__get('id_project')
#2 C:\xampp\htdocs\DODMedia\frameworks\yii\1.1.16\web\CBaseController.php(126): require('C:\\xampp\\htdocs...')
#3 C:\xampp\htdocs\DODMedia\frameworks\yii\1.1.16\web\CBaseController.php(95): CBaseController->renderInternal('C:\\xampp\\htdocs...', Array, true)
#4 C:\xampp\htdocs\DODMedia\frameworks\yii\1.1.16\web\CController.php(869): CBaseController->renderFile('C:\\xampp\\htdocs...', Array, true)
#5 C:\xampp\htdocs\DODMedia\frameworks\yii\1.1.16\web\CController.php(782): CController->renderPartial('admin', Array, true)
#6 C:\xampp\htdocs\DODMedia\projects\Coeri\project\protected\modules\coeri__admin\controllers\ProjectController.php(81): CController->render('admin', Array)
#7 C:\xampp\htdocs\DODMedia\frameworks\yii\1.1.16\web\actions\CInlineAction.php(49): ProjectController->actionAdmin()
#8 C:\xampp\htdocs\DODMedia\frameworks\yii\1.1.16\web\CController.php(308): CInlineAction->runWithParams(Array)
#9 C:\xampp\htdocs\DODMedia\frameworks\yii\1.1.16\web\filters\CFilterChain.php(133): CController->runAction(Object(CInlineAction))
#10 C:\xampp\htdocs\DODMedia\frameworks\yii\1.1.16\web\filters\CFilter.php(40): CFilterChain->run()
#11 C:\xampp\htdocs\DODMedia\frameworks\yii\1.1.16\web\CController.php(1145): CFilter->filter(Object(CFilterChain))
#12 C:\xampp\htdocs\DODMedia\frameworks\yii\1.1.16\web\filters\CInlineFilter.php(58): CController->filterAccessControl(Object(CFilterChain))
#13 C:\xampp\htdocs\DODMedia\frameworks\yii\1.1.16\web\filters\CFilterChain.php(130): CInlineFilter->filter(Object(CFilterChain))
#14 C:\xampp\htdocs\DODMedia\frameworks\yii\1.1.16\web\CController.php(291): CFilterChain->run()
#15 C:\xampp\htdocs\DODMedia\frameworks\yii\1.1.16\web\CController.php(265): CController->runActionWithFilters(Object(CInlineAction), Array)
#16 C:\xampp\htdocs\DODMedia\frameworks\yii\1.1.16\web\CWebApplication.php(282): CController->run('admin')
#17 C:\xampp\htdocs\DODMedia\frameworks\yii\1.1.16\web\CWebApplication.php(141): CWebApplication->runController('coeri__admin/pr...')
#18 C:\xampp\htdocs\DODMedia\frameworks\yii\1.1.16\base\CApplication.php(184): CWebApplication->processRequest()
#19 C:\xampp\htdocs\DODMedia\projects\Coeri\project\index.php(13): CApplication->run()
#20 {main}
REQUEST_URI=/DODMedia/projects/Coeri/project/index.php/coeri__admin/project/admin
HTTP_REFERER=http://localhost/DODMedia/projects/Coeri/project/index.php/coeri__admin/project/create
---
2016/06/25 08:50:09 [error] [exception.CException] exception 'CException' with message 'Property "SlideProject.id_project" is not defined.' in C:\xampp\htdocs\DODMedia\frameworks\yii\1.1.16\base\CComponent.php:130
Stack trace:
#0 C:\xampp\htdocs\DODMedia\frameworks\yii\1.1.16\db\ar\CActiveRecord.php(145): CComponent->__get('id_project')
#1 C:\xampp\htdocs\DODMedia\projects\Coeri\project\protected\modules\coeri__admin\views\project\admin.php(58): CActiveRecord->__get('id_project')
#2 C:\xampp\htdocs\DODMedia\frameworks\yii\1.1.16\web\CBaseController.php(126): require('C:\\xampp\\htdocs...')
#3 C:\xampp\htdocs\DODMedia\frameworks\yii\1.1.16\web\CBaseController.php(95): CBaseController->renderInternal('C:\\xampp\\htdocs...', Array, true)
#4 C:\xampp\htdocs\DODMedia\frameworks\yii\1.1.16\web\CController.php(869): CBaseController->renderFile('C:\\xampp\\htdocs...', Array, true)
#5 C:\xampp\htdocs\DODMedia\frameworks\yii\1.1.16\web\CController.php(782): CController->renderPartial('admin', Array, true)
#6 C:\xampp\htdocs\DODMedia\projects\Coeri\project\protected\modules\coeri__admin\controllers\ProjectController.php(81): CController->render('admin', Array)
#7 C:\xampp\htdocs\DODMedia\frameworks\yii\1.1.16\web\actions\CInlineAction.php(49): ProjectController->actionAdmin()
#8 C:\xampp\htdocs\DODMedia\frameworks\yii\1.1.16\web\CController.php(308): CInlineAction->runWithParams(Array)
#9 C:\xampp\htdocs\DODMedia\frameworks\yii\1.1.16\web\filters\CFilterChain.php(133): CController->runAction(Object(CInlineAction))
#10 C:\xampp\htdocs\DODMedia\frameworks\yii\1.1.16\web\filters\CFilter.php(40): CFilterChain->run()
#11 C:\xampp\htdocs\DODMedia\frameworks\yii\1.1.16\web\CController.php(1145): CFilter->filter(Object(CFilterChain))
#12 C:\xampp\htdocs\DODMedia\frameworks\yii\1.1.16\web\filters\CInlineFilter.php(58): CController->filterAccessControl(Object(CFilterChain))
#13 C:\xampp\htdocs\DODMedia\frameworks\yii\1.1.16\web\filters\CFilterChain.php(130): CInlineFilter->filter(Object(CFilterChain))
#14 C:\xampp\htdocs\DODMedia\frameworks\yii\1.1.16\web\CController.php(291): CFilterChain->run()
#15 C:\xampp\htdocs\DODMedia\frameworks\yii\1.1.16\web\CController.php(265): CController->runActionWithFilters(Object(CInlineAction), Array)
#16 C:\xampp\htdocs\DODMedia\frameworks\yii\1.1.16\web\CWebApplication.php(282): CController->run('admin')
#17 C:\xampp\htdocs\DODMedia\frameworks\yii\1.1.16\web\CWebApplication.php(141): CWebApplication->runController('coeri__admin/pr...')
#18 C:\xampp\htdocs\DODMedia\frameworks\yii\1.1.16\base\CApplication.php(184): CWebApplication->processRequest()
#19 C:\xampp\htdocs\DODMedia\projects\Coeri\project\index.php(13): CApplication->run()
#20 {main}
REQUEST_URI=/DODMedia/projects/Coeri/project/index.php/coeri__admin/project/admin
HTTP_REFERER=http://localhost/DODMedia/projects/Coeri/project/index.php/coeri__admin/project/create
---
2016/06/25 09:02:36 [error] [exception.CException] exception 'CException' with message 'SlideProject and its behaviors do not have a method or closure named "findAllByAtributes".' in C:\xampp\htdocs\DODMedia\frameworks\yii\1.1.16\base\CComponent.php:266
Stack trace:
#0 C:\xampp\htdocs\DODMedia\frameworks\yii\1.1.16\db\ar\CActiveRecord.php(227): CComponent->__call('findAllByAtribu...', Array)
#1 C:\xampp\htdocs\DODMedia\projects\Coeri\project\protected\controllers\SiteController.php(30): CActiveRecord->__call('findAllByAtribu...', Array)
#2 C:\xampp\htdocs\DODMedia\projects\Coeri\project\protected\controllers\SiteController.php(30): SlideProject->findAllByAtributes(Array)
#3 C:\xampp\htdocs\DODMedia\frameworks\yii\1.1.16\web\actions\CInlineAction.php(49): SiteController->actionIndex()
#4 C:\xampp\htdocs\DODMedia\frameworks\yii\1.1.16\web\CController.php(308): CInlineAction->runWithParams(Array)
#5 C:\xampp\htdocs\DODMedia\frameworks\yii\1.1.16\web\CController.php(286): CController->runAction(Object(CInlineAction))
#6 C:\xampp\htdocs\DODMedia\frameworks\yii\1.1.16\web\CController.php(265): CController->runActionWithFilters(Object(CInlineAction), Array)
#7 C:\xampp\htdocs\DODMedia\frameworks\yii\1.1.16\web\CWebApplication.php(282): CController->run('')
#8 C:\xampp\htdocs\DODMedia\frameworks\yii\1.1.16\web\CWebApplication.php(141): CWebApplication->runController('')
#9 C:\xampp\htdocs\DODMedia\frameworks\yii\1.1.16\base\CApplication.php(184): CWebApplication->processRequest()
#10 C:\xampp\htdocs\DODMedia\projects\Coeri\project\index.php(13): CApplication->run()
#11 {main}
REQUEST_URI=/DODMedia/projects/Coeri/project/?
HTTP_REFERER=http://localhost/DODMedia/projects/Coeri/project/
---
2016/06/25 09:02:56 [error] [exception.CException] exception 'CException' with message 'Property "CDbCriteria.status" is not defined.' in C:\xampp\htdocs\DODMedia\frameworks\yii\1.1.16\base\CComponent.php:173
Stack trace:
#0 C:\xampp\htdocs\DODMedia\frameworks\yii\1.1.16\db\schema\CDbCriteria.php(160): CComponent->__set('status', 1)
#1 C:\xampp\htdocs\DODMedia\frameworks\yii\1.1.16\db\schema\CDbCommandBuilder.php(588): CDbCriteria->__construct(Array)
#2 C:\xampp\htdocs\DODMedia\frameworks\yii\1.1.16\db\ar\CActiveRecord.php(1474): CDbCommandBuilder->createCriteria(Array, Array)
#3 C:\xampp\htdocs\DODMedia\projects\Coeri\project\protected\controllers\SiteController.php(30): CActiveRecord->findAll(Array)
#4 C:\xampp\htdocs\DODMedia\frameworks\yii\1.1.16\web\actions\CInlineAction.php(49): SiteController->actionIndex()
#5 C:\xampp\htdocs\DODMedia\frameworks\yii\1.1.16\web\CController.php(308): CInlineAction->runWithParams(Array)
#6 C:\xampp\htdocs\DODMedia\frameworks\yii\1.1.16\web\CController.php(286): CController->runAction(Object(CInlineAction))
#7 C:\xampp\htdocs\DODMedia\frameworks\yii\1.1.16\web\CController.php(265): CController->runActionWithFilters(Object(CInlineAction), Array)
#8 C:\xampp\htdocs\DODMedia\frameworks\yii\1.1.16\web\CWebApplication.php(282): CController->run('')
#9 C:\xampp\htdocs\DODMedia\frameworks\yii\1.1.16\web\CWebApplication.php(141): CWebApplication->runController('')
#10 C:\xampp\htdocs\DODMedia\frameworks\yii\1.1.16\base\CApplication.php(184): CWebApplication->processRequest()
#11 C:\xampp\htdocs\DODMedia\projects\Coeri\project\index.php(13): CApplication->run()
#12 {main}
REQUEST_URI=/DODMedia/projects/Coeri/project/?
HTTP_REFERER=http://localhost/DODMedia/projects/Coeri/project/
---
2016/06/25 09:03:57 [error] [exception.CException] exception 'CException' with message 'Property "CDbCriteria.status" is not defined.' in C:\xampp\htdocs\DODMedia\frameworks\yii\1.1.16\base\CComponent.php:173
Stack trace:
#0 C:\xampp\htdocs\DODMedia\frameworks\yii\1.1.16\db\schema\CDbCriteria.php(160): CComponent->__set('status', 1)
#1 C:\xampp\htdocs\DODMedia\frameworks\yii\1.1.16\db\schema\CDbCommandBuilder.php(588): CDbCriteria->__construct(Array)
#2 C:\xampp\htdocs\DODMedia\frameworks\yii\1.1.16\db\ar\CActiveRecord.php(1474): CDbCommandBuilder->createCriteria(Array, Array)
#3 C:\xampp\htdocs\DODMedia\projects\Coeri\project\protected\controllers\SiteController.php(30): CActiveRecord->findAll(Array)
#4 C:\xampp\htdocs\DODMedia\frameworks\yii\1.1.16\web\actions\CInlineAction.php(49): SiteController->actionIndex()
#5 C:\xampp\htdocs\DODMedia\frameworks\yii\1.1.16\web\CController.php(308): CInlineAction->runWithParams(Array)
#6 C:\xampp\htdocs\DODMedia\frameworks\yii\1.1.16\web\CController.php(286): CController->runAction(Object(CInlineAction))
#7 C:\xampp\htdocs\DODMedia\frameworks\yii\1.1.16\web\CController.php(265): CController->runActionWithFilters(Object(CInlineAction), Array)
#8 C:\xampp\htdocs\DODMedia\frameworks\yii\1.1.16\web\CWebApplication.php(282): CController->run('')
#9 C:\xampp\htdocs\DODMedia\frameworks\yii\1.1.16\web\CWebApplication.php(141): CWebApplication->runController('')
#10 C:\xampp\htdocs\DODMedia\frameworks\yii\1.1.16\base\CApplication.php(184): CWebApplication->processRequest()
#11 C:\xampp\htdocs\DODMedia\projects\Coeri\project\index.php(13): CApplication->run()
#12 {main}
REQUEST_URI=/DODMedia/projects/Coeri/project/?
HTTP_REFERER=http://localhost/DODMedia/projects/Coeri/project/
---
2016/06/25 09:04:08 [error] [exception.CException] exception 'CException' with message 'Property "CDbCriteria.status" is not defined.' in C:\xampp\htdocs\DODMedia\frameworks\yii\1.1.16\base\CComponent.php:173
Stack trace:
#0 C:\xampp\htdocs\DODMedia\frameworks\yii\1.1.16\db\schema\CDbCriteria.php(160): CComponent->__set('status', 1)
#1 C:\xampp\htdocs\DODMedia\frameworks\yii\1.1.16\db\schema\CDbCommandBuilder.php(588): CDbCriteria->__construct(Array)
#2 C:\xampp\htdocs\DODMedia\frameworks\yii\1.1.16\db\ar\CActiveRecord.php(1474): CDbCommandBuilder->createCriteria(Array, Array)
#3 C:\xampp\htdocs\DODMedia\projects\Coeri\project\protected\controllers\SiteController.php(30): CActiveRecord->findAll(Array)
#4 C:\xampp\htdocs\DODMedia\frameworks\yii\1.1.16\web\actions\CInlineAction.php(49): SiteController->actionIndex()
#5 C:\xampp\htdocs\DODMedia\frameworks\yii\1.1.16\web\CController.php(308): CInlineAction->runWithParams(Array)
#6 C:\xampp\htdocs\DODMedia\frameworks\yii\1.1.16\web\CController.php(286): CController->runAction(Object(CInlineAction))
#7 C:\xampp\htdocs\DODMedia\frameworks\yii\1.1.16\web\CController.php(265): CController->runActionWithFilters(Object(CInlineAction), Array)
#8 C:\xampp\htdocs\DODMedia\frameworks\yii\1.1.16\web\CWebApplication.php(282): CController->run('')
#9 C:\xampp\htdocs\DODMedia\frameworks\yii\1.1.16\web\CWebApplication.php(141): CWebApplication->runController('')
#10 C:\xampp\htdocs\DODMedia\frameworks\yii\1.1.16\base\CApplication.php(184): CWebApplication->processRequest()
#11 C:\xampp\htdocs\DODMedia\projects\Coeri\project\index.php(13): CApplication->run()
#12 {main}
REQUEST_URI=/DODMedia/projects/Coeri/project/
---
2016/06/25 09:04:13 [error] [exception.CException] exception 'CException' with message 'Property "CDbCriteria.status" is not defined.' in C:\xampp\htdocs\DODMedia\frameworks\yii\1.1.16\base\CComponent.php:173
Stack trace:
#0 C:\xampp\htdocs\DODMedia\frameworks\yii\1.1.16\db\schema\CDbCriteria.php(160): CComponent->__set('status', 1)
#1 C:\xampp\htdocs\DODMedia\frameworks\yii\1.1.16\db\schema\CDbCommandBuilder.php(588): CDbCriteria->__construct(Array)
#2 C:\xampp\htdocs\DODMedia\frameworks\yii\1.1.16\db\ar\CActiveRecord.php(1474): CDbCommandBuilder->createCriteria(Array, Array)
#3 C:\xampp\htdocs\DODMedia\projects\Coeri\project\protected\controllers\SiteController.php(30): CActiveRecord->findAll(Array)
#4 C:\xampp\htdocs\DODMedia\frameworks\yii\1.1.16\web\actions\CInlineAction.php(49): SiteController->actionIndex()
#5 C:\xampp\htdocs\DODMedia\frameworks\yii\1.1.16\web\CController.php(308): CInlineAction->runWithParams(Array)
#6 C:\xampp\htdocs\DODMedia\frameworks\yii\1.1.16\web\CController.php(286): CController->runAction(Object(CInlineAction))
#7 C:\xampp\htdocs\DODMedia\frameworks\yii\1.1.16\web\CController.php(265): CController->runActionWithFilters(Object(CInlineAction), Array)
#8 C:\xampp\htdocs\DODMedia\frameworks\yii\1.1.16\web\CWebApplication.php(282): CController->run('')
#9 C:\xampp\htdocs\DODMedia\frameworks\yii\1.1.16\web\CWebApplication.php(141): CWebApplication->runController('')
#10 C:\xampp\htdocs\DODMedia\frameworks\yii\1.1.16\base\CApplication.php(184): CWebApplication->processRequest()
#11 C:\xampp\htdocs\DODMedia\projects\Coeri\project\index.php(13): CApplication->run()
#12 {main}
REQUEST_URI=/DODMedia/projects/Coeri/project/
---
2016/06/25 09:06:08 [error] [php] Undefined variable: projects (C:\xampp\htdocs\DODMedia\projects\Coeri\project\protected\controllers\SiteController.php:33)
Stack trace:
#0 C:\xampp\htdocs\DODMedia\frameworks\yii\1.1.16\web\CController.php(286): SiteController->runAction()
#1 C:\xampp\htdocs\DODMedia\frameworks\yii\1.1.16\web\CController.php(265): SiteController->runActionWithFilters()
#2 C:\xampp\htdocs\DODMedia\frameworks\yii\1.1.16\web\CWebApplication.php(282): SiteController->run()
#3 C:\xampp\htdocs\DODMedia\frameworks\yii\1.1.16\web\CWebApplication.php(141): CWebApplication->runController()
#4 C:\xampp\htdocs\DODMedia\frameworks\yii\1.1.16\base\CApplication.php(184): CWebApplication->processRequest()
#5 C:\xampp\htdocs\DODMedia\projects\Coeri\project\index.php(13): CWebApplication->run()
REQUEST_URI=/DODMedia/projects/Coeri/project/
in C:\xampp\htdocs\DODMedia\projects\Coeri\project\protected\controllers\SiteController.php (33)
in C:\xampp\htdocs\DODMedia\projects\Coeri\project\index.php (13)
2016/06/25 09:08:03 [error] [php] Undefined variable: project (C:\xampp\htdocs\DODMedia\projects\Coeri\project\protected\views\site\index.php:65)
Stack trace:
#0 C:\xampp\htdocs\DODMedia\frameworks\yii\1.1.16\web\CController.php(869): SiteController->renderFile()
#1 C:\xampp\htdocs\DODMedia\frameworks\yii\1.1.16\web\CController.php(782): SiteController->renderPartial()
#2 C:\xampp\htdocs\DODMedia\projects\Coeri\project\protected\controllers\SiteController.php(33): SiteController->render()
#3 C:\xampp\htdocs\DODMedia\frameworks\yii\1.1.16\web\actions\CInlineAction.php(49): SiteController->actionIndex()
#4 C:\xampp\htdocs\DODMedia\frameworks\yii\1.1.16\web\CController.php(308): CInlineAction->runWithParams()
#5 C:\xampp\htdocs\DODMedia\frameworks\yii\1.1.16\web\CController.php(286): SiteController->runAction()
#6 C:\xampp\htdocs\DODMedia\frameworks\yii\1.1.16\web\CController.php(265): SiteController->runActionWithFilters()
#7 C:\xampp\htdocs\DODMedia\frameworks\yii\1.1.16\web\CWebApplication.php(282): SiteController->run()
#8 C:\xampp\htdocs\DODMedia\frameworks\yii\1.1.16\web\CWebApplication.php(141): CWebApplication->runController()
#9 C:\xampp\htdocs\DODMedia\frameworks\yii\1.1.16\base\CApplication.php(184): CWebApplication->processRequest()
#10 C:\xampp\htdocs\DODMedia\projects\Coeri\project\index.php(13): CWebApplication->run()
REQUEST_URI=/DODMedia/projects/Coeri/project/
in C:\xampp\htdocs\DODMedia\projects\Coeri\project\protected\views\site\index.php (65)
in C:\xampp\htdocs\DODMedia\projects\Coeri\project\protected\controllers\SiteController.php (33)
in C:\xampp\htdocs\DODMedia\projects\Coeri\project\index.php (13)
2016/06/25 09:08:46 [error] [exception.CHttpException.404] exception 'CHttpException' with message 'Unable to resolve the request "8e1afb6785cf29a2b87fd4d26a0b5fd0.png".' in C:\xampp\htdocs\DODMedia\frameworks\yii\1.1.16\web\CWebApplication.php:286
Stack trace:
#0 C:\xampp\htdocs\DODMedia\frameworks\yii\1.1.16\web\CWebApplication.php(141): CWebApplication->runController('8e1afb6785cf29a...')
#1 C:\xampp\htdocs\DODMedia\frameworks\yii\1.1.16\base\CApplication.php(184): CWebApplication->processRequest()
#2 C:\xampp\htdocs\DODMedia\projects\Coeri\project\index.php(13): CApplication->run()
#3 {main}
REQUEST_URI=/DODMedia/projects/Coeri/project/8e1afb6785cf29a2b87fd4d26a0b5fd0.png
HTTP_REFERER=http://localhost/DODMedia/projects/Coeri/project/
---
2016/06/25 09:16:27 [error] [php] Undefined variable: projectCurrent (C:\xampp\htdocs\DODMedia\projects\Coeri\project\protected\modules\coeri__admin\controllers\ProjectController.php:211)
Stack trace:
#0 C:\xampp\htdocs\DODMedia\frameworks\yii\1.1.16\web\actions\CInlineAction.php(47): CInlineAction->runWithParamsInternal()
#1 C:\xampp\htdocs\DODMedia\frameworks\yii\1.1.16\web\CController.php(308): CInlineAction->runWithParams()
#2 C:\xampp\htdocs\DODMedia\frameworks\yii\1.1.16\web\filters\CFilterChain.php(133): ProjectController->runAction()
#3 C:\xampp\htdocs\DODMedia\frameworks\yii\1.1.16\web\filters\CFilter.php(40): CFilterChain->run()
#4 C:\xampp\htdocs\DODMedia\frameworks\yii\1.1.16\web\CController.php(1145): CAccessControlFilter->filter()
#5 C:\xampp\htdocs\DODMedia\frameworks\yii\1.1.16\web\filters\CInlineFilter.php(58): ProjectController->filterAccessControl()
#6 C:\xampp\htdocs\DODMedia\frameworks\yii\1.1.16\web\filters\CFilterChain.php(130): CInlineFilter->filter()
#7 C:\xampp\htdocs\DODMedia\frameworks\yii\1.1.16\web\CController.php(291): CFilterChain->run()
#8 C:\xampp\htdocs\DODMedia\frameworks\yii\1.1.16\web\CController.php(265): ProjectController->runActionWithFilters()
#9 C:\xampp\htdocs\DODMedia\frameworks\yii\1.1.16\web\CWebApplication.php(282): ProjectController->run()
#10 C:\xampp\htdocs\DODMedia\frameworks\yii\1.1.16\web\CWebApplication.php(141): CWebApplication->runController()
#11 C:\xampp\htdocs\DODMedia\frameworks\yii\1.1.16\base\CApplication.php(184): CWebApplication->processRequest()
#12 C:\xampp\htdocs\DODMedia\projects\Coeri\project\index.php(13): CWebApplication->run()
REQUEST_URI=/DODMedia/projects/Coeri/project/index.php/coeri__admin/project/update/1
in C:\xampp\htdocs\DODMedia\projects\Coeri\project\protected\modules\coeri__admin\controllers\ProjectController.php (211)
in C:\xampp\htdocs\DODMedia\projects\Coeri\project\index.php (13)
2016/06/25 09:17:27 [error] [php] Undefined variable: projectCurrent (C:\xampp\htdocs\DODMedia\projects\Coeri\project\protected\modules\coeri__admin\controllers\ProjectController.php:211)
Stack trace:
#0 C:\xampp\htdocs\DODMedia\frameworks\yii\1.1.16\web\actions\CInlineAction.php(47): CInlineAction->runWithParamsInternal()
#1 C:\xampp\htdocs\DODMedia\frameworks\yii\1.1.16\web\CController.php(308): CInlineAction->runWithParams()
#2 C:\xampp\htdocs\DODMedia\frameworks\yii\1.1.16\web\filters\CFilterChain.php(133): ProjectController->runAction()
#3 C:\xampp\htdocs\DODMedia\frameworks\yii\1.1.16\web\filters\CFilter.php(40): CFilterChain->run()
#4 C:\xampp\htdocs\DODMedia\frameworks\yii\1.1.16\web\CController.php(1145): CAccessControlFilter->filter()
#5 C:\xampp\htdocs\DODMedia\frameworks\yii\1.1.16\web\filters\CInlineFilter.php(58): ProjectController->filterAccessControl()
#6 C:\xampp\htdocs\DODMedia\frameworks\yii\1.1.16\web\filters\CFilterChain.php(130): CInlineFilter->filter()
#7 C:\xampp\htdocs\DODMedia\frameworks\yii\1.1.16\web\CController.php(291): CFilterChain->run()
#8 C:\xampp\htdocs\DODMedia\frameworks\yii\1.1.16\web\CController.php(265): ProjectController->runActionWithFilters()
#9 C:\xampp\htdocs\DODMedia\frameworks\yii\1.1.16\web\CWebApplication.php(282): ProjectController->run()
#10 C:\xampp\htdocs\DODMedia\frameworks\yii\1.1.16\web\CWebApplication.php(141): CWebApplication->runController()
#11 C:\xampp\htdocs\DODMedia\frameworks\yii\1.1.16\base\CApplication.php(184): CWebApplication->processRequest()
#12 C:\xampp\htdocs\DODMedia\projects\Coeri\project\index.php(13): CWebApplication->run()
REQUEST_URI=/DODMedia/projects/Coeri/project/index.php/coeri__admin/project/update/1
in C:\xampp\htdocs\DODMedia\projects\Coeri\project\protected\modules\coeri__admin\controllers\ProjectController.php (211)
in C:\xampp\htdocs\DODMedia\projects\Coeri\project\index.php (13)
2016/06/25 09:17:33 [error] [php] Undefined variable: projectCurrent (C:\xampp\htdocs\DODMedia\projects\Coeri\project\protected\modules\coeri__admin\controllers\ProjectController.php:211)
Stack trace:
#0 C:\xampp\htdocs\DODMedia\frameworks\yii\1.1.16\web\actions\CInlineAction.php(47): CInlineAction->runWithParamsInternal()
#1 C:\xampp\htdocs\DODMedia\frameworks\yii\1.1.16\web\CController.php(308): CInlineAction->runWithParams()
#2 C:\xampp\htdocs\DODMedia\frameworks\yii\1.1.16\web\filters\CFilterChain.php(133): ProjectController->runAction()
#3 C:\xampp\htdocs\DODMedia\frameworks\yii\1.1.16\web\filters\CFilter.php(40): CFilterChain->run()
#4 C:\xampp\htdocs\DODMedia\frameworks\yii\1.1.16\web\CController.php(1145): CAccessControlFilter->filter()
#5 C:\xampp\htdocs\DODMedia\frameworks\yii\1.1.16\web\filters\CInlineFilter.php(58): ProjectController->filterAccessControl()
#6 C:\xampp\htdocs\DODMedia\frameworks\yii\1.1.16\web\filters\CFilterChain.php(130): CInlineFilter->filter()
#7 C:\xampp\htdocs\DODMedia\frameworks\yii\1.1.16\web\CController.php(291): CFilterChain->run()
#8 C:\xampp\htdocs\DODMedia\frameworks\yii\1.1.16\web\CController.php(265): ProjectController->runActionWithFilters()
#9 C:\xampp\htdocs\DODMedia\frameworks\yii\1.1.16\web\CWebApplication.php(282): ProjectController->run()
#10 C:\xampp\htdocs\DODMedia\frameworks\yii\1.1.16\web\CWebApplication.php(141): CWebApplication->runController()
#11 C:\xampp\htdocs\DODMedia\frameworks\yii\1.1.16\base\CApplication.php(184): CWebApplication->processRequest()
#12 C:\xampp\htdocs\DODMedia\projects\Coeri\project\index.php(13): CWebApplication->run()
REQUEST_URI=/DODMedia/projects/Coeri/project/index.php/coeri__admin/project/update/1
in C:\xampp\htdocs\DODMedia\projects\Coeri\project\protected\modules\coeri__admin\controllers\ProjectController.php (211)
in C:\xampp\htdocs\DODMedia\projects\Coeri\project\index.php (13)
2016/06/25 09:18:22 [error] [php] move_uploaded_file(C:/xampp/htdocs/DODMedia/projects/Coeri/project/images/posts/7c5c3fc91032f51fe3099b3247309152.jpg): failed to open stream: No such file or directory (C:\xampp\htdocs\DODMedia\projects\Coeri\project\protected\components\MyMethods.php:143)
Stack trace:
#0 unknown(0): ProjectController->actionUpdate()
#1 C:\xampp\htdocs\DODMedia\frameworks\yii\1.1.16\web\actions\CAction.php(109): ReflectionMethod->invokeArgs()
#2 C:\xampp\htdocs\DODMedia\frameworks\yii\1.1.16\web\actions\CInlineAction.php(47): CInlineAction->runWithParamsInternal()
#3 C:\xampp\htdocs\DODMedia\frameworks\yii\1.1.16\web\CController.php(308): CInlineAction->runWithParams()
#4 C:\xampp\htdocs\DODMedia\frameworks\yii\1.1.16\web\filters\CFilterChain.php(133): ProjectController->runAction()
#5 C:\xampp\htdocs\DODMedia\frameworks\yii\1.1.16\web\filters\CFilter.php(40): CFilterChain->run()
#6 C:\xampp\htdocs\DODMedia\frameworks\yii\1.1.16\web\CController.php(1145): CAccessControlFilter->filter()
#7 C:\xampp\htdocs\DODMedia\frameworks\yii\1.1.16\web\filters\CInlineFilter.php(58): ProjectController->filterAccessControl()
#8 C:\xampp\htdocs\DODMedia\frameworks\yii\1.1.16\web\filters\CFilterChain.php(130): CInlineFilter->filter()
#9 C:\xampp\htdocs\DODMedia\frameworks\yii\1.1.16\web\CController.php(291): CFilterChain->run()
#10 C:\xampp\htdocs\DODMedia\frameworks\yii\1.1.16\web\CController.php(265): ProjectController->runActionWithFilters()
#11 C:\xampp\htdocs\DODMedia\frameworks\yii\1.1.16\web\CWebApplication.php(282): ProjectController->run()
#12 C:\xampp\htdocs\DODMedia\frameworks\yii\1.1.16\web\CWebApplication.php(141): CWebApplication->runController()
#13 C:\xampp\htdocs\DODMedia\frameworks\yii\1.1.16\base\CApplication.php(184): CWebApplication->processRequest()
#14 C:\xampp\htdocs\DODMedia\projects\Coeri\project\index.php(13): CWebApplication->run()
REQUEST_URI=/DODMedia/projects/Coeri/project/index.php/coeri__admin/project/update/1
in C:\xampp\htdocs\DODMedia\projects\Coeri\project\protected\components\MyMethods.php (143)
in C:\xampp\htdocs\DODMedia\projects\Coeri\project\protected\modules\coeri__admin\controllers\ProjectController.php (182)
in C:\xampp\htdocs\DODMedia\projects\Coeri\project\index.php (13)
2016/06/25 09:18:51 [error] [php] move_uploaded_file(C:/xampp/htdocs/DODMedia/projects/Coeri/project/images/posts/ed3c93a35327cd61bbeba005f5c93512.jpg): failed to open stream: No such file or directory (C:\xampp\htdocs\DODMedia\projects\Coeri\project\protected\components\MyMethods.php:143)
Stack trace:
#0 unknown(0): ProjectController->actionUpdate()
#1 C:\xampp\htdocs\DODMedia\frameworks\yii\1.1.16\web\actions\CAction.php(109): ReflectionMethod->invokeArgs()
#2 C:\xampp\htdocs\DODMedia\frameworks\yii\1.1.16\web\actions\CInlineAction.php(47): CInlineAction->runWithParamsInternal()
#3 C:\xampp\htdocs\DODMedia\frameworks\yii\1.1.16\web\CController.php(308): CInlineAction->runWithParams()
#4 C:\xampp\htdocs\DODMedia\frameworks\yii\1.1.16\web\filters\CFilterChain.php(133): ProjectController->runAction()
#5 C:\xampp\htdocs\DODMedia\frameworks\yii\1.1.16\web\filters\CFilter.php(40): CFilterChain->run()
#6 C:\xampp\htdocs\DODMedia\frameworks\yii\1.1.16\web\CController.php(1145): CAccessControlFilter->filter()
#7 C:\xampp\htdocs\DODMedia\frameworks\yii\1.1.16\web\filters\CInlineFilter.php(58): ProjectController->filterAccessControl()
#8 C:\xampp\htdocs\DODMedia\frameworks\yii\1.1.16\web\filters\CFilterChain.php(130): CInlineFilter->filter()
#9 C:\xampp\htdocs\DODMedia\frameworks\yii\1.1.16\web\CController.php(291): CFilterChain->run()
#10 C:\xampp\htdocs\DODMedia\frameworks\yii\1.1.16\web\CController.php(265): ProjectController->runActionWithFilters()
#11 C:\xampp\htdocs\DODMedia\frameworks\yii\1.1.16\web\CWebApplication.php(282): ProjectController->run()
#12 C:\xampp\htdocs\DODMedia\frameworks\yii\1.1.16\web\CWebApplication.php(141): CWebApplication->runController()
#13 C:\xampp\htdocs\DODMedia\frameworks\yii\1.1.16\base\CApplication.php(184): CWebApplication->processRequest()
#14 C:\xampp\htdocs\DODMedia\projects\Coeri\project\index.php(13): CWebApplication->run()
REQUEST_URI=/DODMedia/projects/Coeri/project/index.php/coeri__admin/project/update/1
in C:\xampp\htdocs\DODMedia\projects\Coeri\project\protected\components\MyMethods.php (143)
in C:\xampp\htdocs\DODMedia\projects\Coeri\project\protected\modules\coeri__admin\controllers\ProjectController.php (182)
in C:\xampp\htdocs\DODMedia\projects\Coeri\project\index.php (13)
2016/06/25 09:19:31 [error] [exception.CHttpException.403] exception 'CHttpException' with message 'You are not authorized to perform this action.' in C:\xampp\htdocs\DODMedia\frameworks\yii\1.1.16\web\auth\CAccessControlFilter.php:182
Stack trace:
#0 C:\xampp\htdocs\DODMedia\frameworks\yii\1.1.16\web\auth\CAccessControlFilter.php(145): CAccessControlFilter->accessDenied(Object(CWebUser), 'You are not aut...')
#1 C:\xampp\htdocs\DODMedia\frameworks\yii\1.1.16\web\filters\CFilter.php(38): CAccessControlFilter->preFilter(Object(CFilterChain))
#2 C:\xampp\htdocs\DODMedia\frameworks\yii\1.1.16\web\CController.php(1145): CFilter->filter(Object(CFilterChain))
#3 C:\xampp\htdocs\DODMedia\frameworks\yii\1.1.16\web\filters\CInlineFilter.php(58): CController->filterAccessControl(Object(CFilterChain))
#4 C:\xampp\htdocs\DODMedia\frameworks\yii\1.1.16\web\filters\CFilterChain.php(130): CInlineFilter->filter(Object(CFilterChain))
#5 C:\xampp\htdocs\DODMedia\frameworks\yii\1.1.16\web\CController.php(291): CFilterChain->run()
#6 C:\xampp\htdocs\DODMedia\frameworks\yii\1.1.16\web\CController.php(265): CController->runActionWithFilters(Object(CInlineAction), Array)
#7 C:\xampp\htdocs\DODMedia\frameworks\yii\1.1.16\web\CWebApplication.php(282): CController->run('delete_project')
#8 C:\xampp\htdocs\DODMedia\frameworks\yii\1.1.16\web\CWebApplication.php(141): CWebApplication->runController('coeri__admin/pr...')
#9 C:\xampp\htdocs\DODMedia\frameworks\yii\1.1.16\base\CApplication.php(184): CWebApplication->processRequest()
#10 C:\xampp\htdocs\DODMedia\projects\Coeri\project\index.php(13): CApplication->run()
#11 {main}
REQUEST_URI=/DODMedia/projects/Coeri/project/index.php/coeri__admin/project/delete_project/1
HTTP_REFERER=http://localhost/DODMedia/projects/Coeri/project/index.php/coeri__admin/project/admin
---
2016/06/25 09:43:14 [error] [exception.CHttpException.404] exception 'CHttpException' with message 'Unable to resolve the request "lantel__admin/logout".' in C:\xampp\htdocs\DODMedia\frameworks\yii\1.1.16\web\CWebApplication.php:286
Stack trace:
#0 C:\xampp\htdocs\DODMedia\frameworks\yii\1.1.16\web\CWebApplication.php(141): CWebApplication->runController('lantel__admin/l...')
#1 C:\xampp\htdocs\DODMedia\frameworks\yii\1.1.16\base\CApplication.php(184): CWebApplication->processRequest()
#2 C:\xampp\htdocs\DODMedia\projects\Coeri\project\index.php(13): CApplication->run()
#3 {main}
REQUEST_URI=/DODMedia/projects/Coeri/project/index.php/lantel__admin/logout
HTTP_REFERER=http://localhost/DODMedia/projects/Coeri/project/index.php/coeri__admin/index
---
2016/06/25 09:44:06 [error] [exception.CHttpException.404] exception 'CHttpException' with message 'Unable to resolve the request "lantel__admin/logout".' in C:\xampp\htdocs\DODMedia\frameworks\yii\1.1.16\web\CWebApplication.php:286
Stack trace:
#0 C:\xampp\htdocs\DODMedia\frameworks\yii\1.1.16\web\CWebApplication.php(141): CWebApplication->runController('lantel__admin/l...')
#1 C:\xampp\htdocs\DODMedia\frameworks\yii\1.1.16\base\CApplication.php(184): CWebApplication->processRequest()
#2 C:\xampp\htdocs\DODMedia\projects\Coeri\project\index.php(13): CApplication->run()
#3 {main}
REQUEST_URI=/DODMedia/projects/Coeri/project/index.php/lantel__admin/logout
HTTP_REFERER=http://localhost/DODMedia/projects/Coeri/project/index.php/coeri__admin/index
---
2016/06/25 09:44:08 [error] [exception.CDbException] exception 'CDbException' with message 'CDbConnection failed to open the DB connection: SQLSTATE[HY000] [1045] Access denied for user 'dodmedia_juanveg'@'localhost' (using password: YES)' in C:\xampp\htdocs\DODMedia\frameworks\yii\1.1.16\db\CDbConnection.php:399
Stack trace:
#0 C:\xampp\htdocs\DODMedia\frameworks\yii\1.1.16\db\CDbConnection.php(347): CDbConnection->open()
#1 C:\xampp\htdocs\DODMedia\frameworks\yii\1.1.16\db\CDbConnection.php(325): CDbConnection->setActive(true)
#2 C:\xampp\htdocs\DODMedia\frameworks\yii\1.1.16\base\CModule.php(394): CDbConnection->init()
#3 C:\xampp\htdocs\DODMedia\frameworks\yii\1.1.16\base\CApplication.php(458): CModule->getComponent('db')
#4 C:\xampp\htdocs\DODMedia\frameworks\yii\1.1.16\db\ar\CActiveRecord.php(637): CApplication->getDb()
#5 C:\xampp\htdocs\DODMedia\frameworks\yii\1.1.16\db\ar\CActiveRecord.php(1433): CActiveRecord->getDbConnection()
#6 C:\xampp\htdocs\DODMedia\frameworks\yii\1.1.16\db\ar\CActiveRecord.php(1489): CActiveRecord->getTableAlias(true)
#7 C:\xampp\htdocs\DODMedia\projects\Coeri\project\protected\modules\coeri__admin\controllers\DefaultController.php(31): CActiveRecord->findByPk(1)
#8 C:\xampp\htdocs\DODMedia\frameworks\yii\1.1.16\web\actions\CInlineAction.php(49): DefaultController->actionIndex()
#9 C:\xampp\htdocs\DODMedia\frameworks\yii\1.1.16\web\CController.php(308): CInlineAction->runWithParams(Array)
#10 C:\xampp\htdocs\DODMedia\frameworks\yii\1.1.16\web\CController.php(286): CController->runAction(Object(CInlineAction))
#11 C:\xampp\htdocs\DODMedia\frameworks\yii\1.1.16\web\CController.php(265): CController->runActionWithFilters(Object(CInlineAction), Array)
#12 C:\xampp\htdocs\DODMedia\frameworks\yii\1.1.16\web\CWebApplication.php(282): CController->run('index')
#13 C:\xampp\htdocs\DODMedia\frameworks\yii\1.1.16\web\CWebApplication.php(141): CWebApplication->runController('coeri__admin/de...')
#14 C:\xampp\htdocs\DODMedia\frameworks\yii\1.1.16\base\CApplication.php(184): CWebApplication->processRequest()
#15 C:\xampp\htdocs\DODMedia\projects\Coeri\project\index.php(13): CApplication->run()
#16 {main}
REQUEST_URI=/DODMedia/projects/Coeri/project/index.php/coeri__admin/index
HTTP_REFERER=http://localhost/DODMedia/projects/Coeri/project/index.php/coeri__admin/project/admin
---
2016/06/25 09:44:30 [error] [exception.CDbException] exception 'CDbException' with message 'The table "general_value" for active record class "GeneralValue" cannot be found in the database.' in C:\xampp\htdocs\DODMedia\frameworks\yii\1.1.16\db\ar\CActiveRecord.php:2385
Stack trace:
#0 C:\xampp\htdocs\DODMedia\frameworks\yii\1.1.16\db\ar\CActiveRecord.php(411): CActiveRecordMetaData->__construct(Object(GeneralValue))
#1 C:\xampp\htdocs\DODMedia\frameworks\yii\1.1.16\db\ar\CActiveRecord.php(661): CActiveRecord->getMetaData()
#2 C:\xampp\htdocs\DODMedia\frameworks\yii\1.1.16\db\ar\CActiveRecord.php(1490): CActiveRecord->getTableSchema()
#3 C:\xampp\htdocs\DODMedia\projects\Coeri\project\protected\modules\coeri__admin\controllers\DefaultController.php(31): CActiveRecord->findByPk(1)
#4 C:\xampp\htdocs\DODMedia\frameworks\yii\1.1.16\web\actions\CInlineAction.php(49): DefaultController->actionIndex()
#5 C:\xampp\htdocs\DODMedia\frameworks\yii\1.1.16\web\CController.php(308): CInlineAction->runWithParams(Array)
#6 C:\xampp\htdocs\DODMedia\frameworks\yii\1.1.16\web\CController.php(286): CController->runAction(Object(CInlineAction))
#7 C:\xampp\htdocs\DODMedia\frameworks\yii\1.1.16\web\CController.php(265): CController->runActionWithFilters(Object(CInlineAction), Array)
#8 C:\xampp\htdocs\DODMedia\frameworks\yii\1.1.16\web\CWebApplication.php(282): CController->run('index')
#9 C:\xampp\htdocs\DODMedia\frameworks\yii\1.1.16\web\CWebApplication.php(141): CWebApplication->runController('coeri__admin/de...')
#10 C:\xampp\htdocs\DODMedia\frameworks\yii\1.1.16\base\CApplication.php(184): CWebApplication->processRequest()
#11 C:\xampp\htdocs\DODMedia\projects\Coeri\project\index.php(13): CApplication->run()
#12 {main}
REQUEST_URI=/DODMedia/projects/Coeri/project/index.php/coeri__admin/index
HTTP_REFERER=http://localhost/DODMedia/projects/Coeri/project/index.php/coeri__admin/project/admin
---
2016/06/25 09:44:34 [error] [exception.CDbException] exception 'CDbException' with message 'The table "slide_project" for active record class "SlideProject" cannot be found in the database.' in C:\xampp\htdocs\DODMedia\frameworks\yii\1.1.16\db\ar\CActiveRecord.php:2385
Stack trace:
#0 C:\xampp\htdocs\DODMedia\frameworks\yii\1.1.16\db\ar\CActiveRecord.php(411): CActiveRecordMetaData->__construct(Object(SlideProject))
#1 C:\xampp\htdocs\DODMedia\frameworks\yii\1.1.16\db\ar\CActiveRecord.php(661): CActiveRecord->getMetaData()
#2 C:\xampp\htdocs\DODMedia\frameworks\yii\1.1.16\db\ar\CActiveRecord.php(1355): CActiveRecord->getTableSchema()
#3 C:\xampp\htdocs\DODMedia\frameworks\yii\1.1.16\db\ar\CActiveRecord.php(1475): CActiveRecord->query(Object(CDbCriteria), true)
#4 C:\xampp\htdocs\DODMedia\projects\Coeri\project\protected\modules\coeri__admin\controllers\ProjectController.php(77): CActiveRecord->findAll(Array)
#5 C:\xampp\htdocs\DODMedia\frameworks\yii\1.1.16\web\actions\CInlineAction.php(49): ProjectController->actionAdmin()
#6 C:\xampp\htdocs\DODMedia\frameworks\yii\1.1.16\web\CController.php(308): CInlineAction->runWithParams(Array)
#7 C:\xampp\htdocs\DODMedia\frameworks\yii\1.1.16\web\filters\CFilterChain.php(133): CController->runAction(Object(CInlineAction))
#8 C:\xampp\htdocs\DODMedia\frameworks\yii\1.1.16\web\filters\CFilter.php(40): CFilterChain->run()
#9 C:\xampp\htdocs\DODMedia\frameworks\yii\1.1.16\web\CController.php(1145): CFilter->filter(Object(CFilterChain))
#10 C:\xampp\htdocs\DODMedia\frameworks\yii\1.1.16\web\filters\CInlineFilter.php(58): CController->filterAccessControl(Object(CFilterChain))
#11 C:\xampp\htdocs\DODMedia\frameworks\yii\1.1.16\web\filters\CFilterChain.php(130): CInlineFilter->filter(Object(CFilterChain))
#12 C:\xampp\htdocs\DODMedia\frameworks\yii\1.1.16\web\CController.php(291): CFilterChain->run()
#13 C:\xampp\htdocs\DODMedia\frameworks\yii\1.1.16\web\CController.php(265): CController->runActionWithFilters(Object(CInlineAction), Array)
#14 C:\xampp\htdocs\DODMedia\frameworks\yii\1.1.16\web\CWebApplication.php(282): CController->run('admin')
#15 C:\xampp\htdocs\DODMedia\frameworks\yii\1.1.16\web\CWebApplication.php(141): CWebApplication->runController('coeri__admin/pr...')
#16 C:\xampp\htdocs\DODMedia\frameworks\yii\1.1.16\base\CApplication.php(184): CWebApplication->processRequest()
#17 C:\xampp\htdocs\DODMedia\projects\Coeri\project\index.php(13): CApplication->run()
#18 {main}
REQUEST_URI=/DODMedia/projects/Coeri/project/index.php/coeri__admin/project/admin
HTTP_REFERER=http://localhost/DODMedia/projects/Coeri/project/index.php/coeri__admin/project/admin
---
2016/06/25 09:44:35 [error] [exception.CDbException] exception 'CDbException' with message 'The table "slide_project" for active record class "SlideProject" cannot be found in the database.' in C:\xampp\htdocs\DODMedia\frameworks\yii\1.1.16\db\ar\CActiveRecord.php:2385
Stack trace:
#0 C:\xampp\htdocs\DODMedia\frameworks\yii\1.1.16\db\ar\CActiveRecord.php(411): CActiveRecordMetaData->__construct(Object(SlideProject))
#1 C:\xampp\htdocs\DODMedia\frameworks\yii\1.1.16\db\ar\CActiveRecord.php(661): CActiveRecord->getMetaData()
#2 C:\xampp\htdocs\DODMedia\frameworks\yii\1.1.16\db\ar\CActiveRecord.php(1355): CActiveRecord->getTableSchema()
#3 C:\xampp\htdocs\DODMedia\frameworks\yii\1.1.16\db\ar\CActiveRecord.php(1475): CActiveRecord->query(Object(CDbCriteria), true)
#4 C:\xampp\htdocs\DODMedia\projects\Coeri\project\protected\modules\coeri__admin\controllers\ProjectController.php(77): CActiveRecord->findAll(Array)
#5 C:\xampp\htdocs\DODMedia\frameworks\yii\1.1.16\web\actions\CInlineAction.php(49): ProjectController->actionAdmin()
#6 C:\xampp\htdocs\DODMedia\frameworks\yii\1.1.16\web\CController.php(308): CInlineAction->runWithParams(Array)
#7 C:\xampp\htdocs\DODMedia\frameworks\yii\1.1.16\web\filters\CFilterChain.php(133): CController->runAction(Object(CInlineAction))
#8 C:\xampp\htdocs\DODMedia\frameworks\yii\1.1.16\web\filters\CFilter.php(40): CFilterChain->run()
#9 C:\xampp\htdocs\DODMedia\frameworks\yii\1.1.16\web\CController.php(1145): CFilter->filter(Object(CFilterChain))
#10 C:\xampp\htdocs\DODMedia\frameworks\yii\1.1.16\web\filters\CInlineFilter.php(58): CController->filterAccessControl(Object(CFilterChain))
#11 C:\xampp\htdocs\DODMedia\frameworks\yii\1.1.16\web\filters\CFilterChain.php(130): CInlineFilter->filter(Object(CFilterChain))
#12 C:\xampp\htdocs\DODMedia\frameworks\yii\1.1.16\web\CController.php(291): CFilterChain->run()
#13 C:\xampp\htdocs\DODMedia\frameworks\yii\1.1.16\web\CController.php(265): CController->runActionWithFilters(Object(CInlineAction), Array)
#14 C:\xampp\htdocs\DODMedia\frameworks\yii\1.1.16\web\CWebApplication.php(282): CController->run('admin')
#15 C:\xampp\htdocs\DODMedia\frameworks\yii\1.1.16\web\CWebApplication.php(141): CWebApplication->runController('coeri__admin/pr...')
#16 C:\xampp\htdocs\DODMedia\frameworks\yii\1.1.16\base\CApplication.php(184): CWebApplication->processRequest()
#17 C:\xampp\htdocs\DODMedia\projects\Coeri\project\index.php(13): CApplication->run()
#18 {main}
REQUEST_URI=/DODMedia/projects/Coeri/project/index.php/coeri__admin/project/admin
HTTP_REFERER=http://localhost/DODMedia/projects/Coeri/project/index.php/coeri__admin/project/admin
---
2016/07/15 07:03:30 [error] [exception.CDbException] CDbException: CDbConnection failed to open the DB connection: SQLSTATE[HY000] [1045] Access denied for user 'coericom_coeri'@'localhost' (using password: YES) in D:\xampp\htdocs\dodmedia\frameworks\yii\1.1.16\db\CDbConnection.php:399
Stack trace:
#0 D:\xampp\htdocs\dodmedia\frameworks\yii\1.1.16\db\CDbConnection.php(347): CDbConnection->open()
#1 D:\xampp\htdocs\dodmedia\frameworks\yii\1.1.16\db\CDbConnection.php(325): CDbConnection->setActive(true)
#2 D:\xampp\htdocs\dodmedia\frameworks\yii\1.1.16\base\CModule.php(394): CDbConnection->init()
#3 D:\xampp\htdocs\dodmedia\frameworks\yii\1.1.16\base\CApplication.php(458): CModule->getComponent('db')
#4 D:\xampp\htdocs\dodmedia\frameworks\yii\1.1.16\db\ar\CActiveRecord.php(637): CApplication->getDb()
#5 D:\xampp\htdocs\dodmedia\frameworks\yii\1.1.16\db\ar\CActiveRecord.php(1433): CActiveRecord->getDbConnection()
#6 D:\xampp\htdocs\dodmedia\frameworks\yii\1.1.16\db\ar\CActiveRecord.php(1539): CActiveRecord->getTableAlias(true)
#7 D:\xampp\htdocs\dodmedia\projects\coeri\project\protected\controllers\SiteController.php(30): CActiveRecord->findAllByAttributes(Array, Array)
#8 D:\xampp\htdocs\dodmedia\frameworks\yii\1.1.16\web\actions\CInlineAction.php(49): SiteController->actionIndex()
#9 D:\xampp\htdocs\dodmedia\frameworks\yii\1.1.16\web\CController.php(308): CInlineAction->runWithParams(Array)
#10 D:\xampp\htdocs\dodmedia\frameworks\yii\1.1.16\web\CController.php(286): CController->runAction(Object(CInlineAction))
#11 D:\xampp\htdocs\dodmedia\frameworks\yii\1.1.16\web\CController.php(265): CController->runActionWithFilters(Object(CInlineAction), Array)
#12 D:\xampp\htdocs\dodmedia\frameworks\yii\1.1.16\web\CWebApplication.php(282): CController->run('')
#13 D:\xampp\htdocs\dodmedia\frameworks\yii\1.1.16\web\CWebApplication.php(141): CWebApplication->runController('')
#14 D:\xampp\htdocs\dodmedia\frameworks\yii\1.1.16\base\CApplication.php(184): CWebApplication->processRequest()
#15 D:\xampp\htdocs\dodmedia\projects\coeri\project\index.php(14): CApplication->run()
#16 {main}
REQUEST_URI=/dodmedia/projects/coeri/project/
HTTP_REFERER=http://localhost/dodmedia/projects/coeri/
---
2016/07/15 07:04:49 [error] [system.db.CDbCommand] CDbCommand::fetchAll() failed: SQLSTATE[42S02]: Base table or view not found: 1146 Table 'dodmedia_bd_coeri.slide_project' doesn't exist. The SQL statement executed was: SHOW FULL COLUMNS FROM `slide_project`.
in D:\xampp\htdocs\dodmedia\projects\coeri\project\protected\controllers\SiteController.php (30)
in D:\xampp\htdocs\dodmedia\projects\coeri\project\index.php (14)
2016/07/15 07:04:49 [error] [exception.CDbException] CDbException: The table "slide_project" for active record class "SlideProject" cannot be found in the database. in D:\xampp\htdocs\dodmedia\frameworks\yii\1.1.16\db\ar\CActiveRecord.php:2385
Stack trace:
#0 D:\xampp\htdocs\dodmedia\frameworks\yii\1.1.16\db\ar\CActiveRecord.php(411): CActiveRecordMetaData->__construct(Object(SlideProject))
#1 D:\xampp\htdocs\dodmedia\frameworks\yii\1.1.16\db\ar\CActiveRecord.php(661): CActiveRecord->getMetaData()
#2 D:\xampp\htdocs\dodmedia\frameworks\yii\1.1.16\db\ar\CActiveRecord.php(1540): CActiveRecord->getTableSchema()
#3 D:\xampp\htdocs\dodmedia\projects\coeri\project\protected\controllers\SiteController.php(30): CActiveRecord->findAllByAttributes(Array, Array)
#4 D:\xampp\htdocs\dodmedia\frameworks\yii\1.1.16\web\actions\CInlineAction.php(49): SiteController->actionIndex()
#5 D:\xampp\htdocs\dodmedia\frameworks\yii\1.1.16\web\CController.php(308): CInlineAction->runWithParams(Array)
#6 D:\xampp\htdocs\dodmedia\frameworks\yii\1.1.16\web\CController.php(286): CController->runAction(Object(CInlineAction))
#7 D:\xampp\htdocs\dodmedia\frameworks\yii\1.1.16\web\CController.php(265): CController->runActionWithFilters(Object(CInlineAction), Array)
#8 D:\xampp\htdocs\dodmedia\frameworks\yii\1.1.16\web\CWebApplication.php(282): CController->run('')
#9 D:\xampp\htdocs\dodmedia\frameworks\yii\1.1.16\web\CWebApplication.php(141): CWebApplication->runController('')
#10 D:\xampp\htdocs\dodmedia\frameworks\yii\1.1.16\base\CApplication.php(184): CWebApplication->processRequest()
#11 D:\xampp\htdocs\dodmedia\projects\coeri\project\index.php(14): CApplication->run()
#12 {main}
REQUEST_URI=/dodmedia/projects/coeri/project/
HTTP_REFERER=http://localhost/dodmedia/projects/coeri/
---
2016/10/06 17:50:38 [error] [exception.CDbException] exception 'CDbException' with message 'CDbConnection failed to open the DB connection: SQLSTATE[HY000] [1049] Unknown database 'dodmedia_bd_coeri'' in E:\xampp\htdocs\dodmedia\frameworks\yii\1.1.16\db\CDbConnection.php:399
Stack trace:
#0 E:\xampp\htdocs\dodmedia\frameworks\yii\1.1.16\db\CDbConnection.php(347): CDbConnection->open()
#1 E:\xampp\htdocs\dodmedia\frameworks\yii\1.1.16\db\CDbConnection.php(325): CDbConnection->setActive(true)
#2 E:\xampp\htdocs\dodmedia\frameworks\yii\1.1.16\base\CModule.php(394): CDbConnection->init()
#3 E:\xampp\htdocs\dodmedia\frameworks\yii\1.1.16\base\CApplication.php(458): CModule->getComponent('db')
#4 E:\xampp\htdocs\dodmedia\frameworks\yii\1.1.16\db\ar\CActiveRecord.php(637): CApplication->getDb()
#5 E:\xampp\htdocs\dodmedia\frameworks\yii\1.1.16\db\ar\CActiveRecord.php(1433): CActiveRecord->getDbConnection()
#6 E:\xampp\htdocs\dodmedia\frameworks\yii\1.1.16\db\ar\CActiveRecord.php(1539): CActiveRecord->getTableAlias(true)
#7 E:\xampp\htdocs\dodmedia\projects\coeri\project\protected\controllers\SiteController.php(30): CActiveRecord->findAllByAttributes(Array, Array)
#8 E:\xampp\htdocs\dodmedia\frameworks\yii\1.1.16\web\actions\CInlineAction.php(49): SiteController->actionIndex()
#9 E:\xampp\htdocs\dodmedia\frameworks\yii\1.1.16\web\CController.php(308): CInlineAction->runWithParams(Array)
#10 E:\xampp\htdocs\dodmedia\frameworks\yii\1.1.16\web\CController.php(286): CController->runAction(Object(CInlineAction))
#11 E:\xampp\htdocs\dodmedia\frameworks\yii\1.1.16\web\CController.php(265): CController->runActionWithFilters(Object(CInlineAction), Array)
#12 E:\xampp\htdocs\dodmedia\frameworks\yii\1.1.16\web\CWebApplication.php(282): CController->run('')
#13 E:\xampp\htdocs\dodmedia\frameworks\yii\1.1.16\web\CWebApplication.php(141): CWebApplication->runController('')
#14 E:\xampp\htdocs\dodmedia\frameworks\yii\1.1.16\base\CApplication.php(184): CWebApplication->processRequest()
#15 E:\xampp\htdocs\dodmedia\projects\coeri\project\index.php(14): CApplication->run()
#16 {main}
REQUEST_URI=/dodmedia/projects/coeri/project/
---
